Using pre-set license
Built from '2020.3/staging' branch; Version is '2020.3.13f1 (71691879b7f5) revision 7432472'; Using compiler version '192528614'; Build Type 'Release'
OS: 'Windows 10 Home; OS build 19041.985; Version 2004; 64bit' Language: 'en' Physical Memory: 16299 MB
BatchMode: 1, IsHumanControllingUs: 0, StartBugReporterOnCrash: 0, Is64bit: 1, IsPro: 0

 COMMAND LINE ARGUMENTS:
C:\Users\achie\Desktop\MapOfAllCreation\GameDev\Unity\Projekt\2020.3.13f1\Editor\Unity.exe
-adb2
-batchMode
-noUpm
-name
AssetImportWorker0
-projectPath
C:/Users/achie/Desktop/MapOfAllCreation/GameDev/Unity/Projekt/Slingshot
-logFile
Logs/AssetImportWorker0.log
-srvPort
58332
Successfully changed project path to: C:/Users/achie/Desktop/MapOfAllCreation/GameDev/Unity/Projekt/Slingshot
C:/Users/achie/Desktop/MapOfAllCreation/GameDev/Unity/Projekt/Slingshot
Using Asset Import Pipeline V2.
Refreshing native plugins compatible for Editor in 52.08 ms, found 2 plugins.
Preloading 0 native plugins for Editor in 0.00 ms.
Initialize engine version: 2020.3.13f1 (71691879b7f5)
[Subsystems] Discovering subsystems at path C:/Users/achie/Desktop/MapOfAllCreation/GameDev/Unity/Projekt/2020.3.13f1/Editor/Data/Resources/UnitySubsystems
[Subsystems] Discovering subsystems at path C:/Users/achie/Desktop/MapOfAllCreation/GameDev/Unity/Projekt/Slingshot/Assets
GfxDevice: creating device client; threaded=0
Direct3D:
    Version:  Direct3D 11.0 [level 11.1]
    Renderer: NVIDIA GeForce RTX 2060 (ID=0x1f08)
    Vendor:   
    VRAM:     5980 MB
    Driver:   27.21.14.6677
Initialize mono
Mono path[0] = 'C:/Users/achie/Desktop/MapOfAllCreation/GameDev/Unity/Projekt/2020.3.13f1/Editor/Data/Managed'
Mono path[1] = 'C:/Users/achie/Desktop/MapOfAllCreation/GameDev/Unity/Projekt/2020.3.13f1/Editor/Data/MonoBleedingEdge/lib/mono/unityjit'
Mono config path = 'C:/Users/achie/Desktop/MapOfAllCreation/GameDev/Unity/Projekt/2020.3.13f1/Editor/Data/MonoBleedingEdge/etc'
Using monoOptions --debugger-agent=transport=dt_socket,embedding=1,server=y,suspend=n,address=127.0.0.1:56812
Begin MonoManager ReloadAssembly
Registering precompiled unity dll's ...
Register platform support module: C:/Users/achie/Desktop/MapOfAllCreation/GameDev/Unity/Projekt/2020.3.13f1/Editor/Data/PlaybackEngines/WindowsStandaloneSupport/UnityEditor.WindowsStandalone.Extensions.dll
Registered in 0.002264 seconds.
Native extension for WindowsStandalone target not found
Refreshing native plugins compatible for Editor in 53.22 ms, found 2 plugins.
Preloading 0 native plugins for Editor in 0.00 ms.
Mono: successfully reloaded assembly
- Completed reload, in  1.602 seconds
Platform modules already initialized, skipping
Registering precompiled user dll's ...
Registered in 0.004633 seconds.
Begin MonoManager ReloadAssembly
Native extension for WindowsStandalone target not found
Refreshing native plugins compatible for Editor in 59.82 ms, found 2 plugins.
Preloading 0 native plugins for Editor in 0.00 ms.
Mono: successfully reloaded assembly
- Completed reload, in  1.189 seconds
Platform modules already initialized, skipping
========================================================================
Worker process is ready to serve import requests
Shader 'Universal Render Pipeline/Particles/Lit': fallback shader 'Universal Render Pipeline/Particles/SimpleLit' not found
Shader 'Universal Render Pipeline/Particles/Lit': fallback shader 'Universal Render Pipeline/Particles/SimpleLit' not found
Launched and connected shader compiler UnityShaderCompiler.exe after 0.04 seconds
Refreshing native plugins compatible for Editor in 0.65 ms, found 2 plugins.
Preloading 0 native plugins for Editor in 0.00 ms.
Unloading 3283 Unused Serialized files (Serialized files now loaded: 0)
System memory in use before: 143.1 MB.
System memory in use after: 140.6 MB.

Unloading 47 unused Assets to reduce memory usage. Loaded Objects now: 3693.
Total: 4.100600 ms (FindLiveObjects: 0.329800 ms CreateObjectMapping: 0.220900 ms MarkObjects: 2.425000 ms  DeleteObjects: 1.123700 ms)

AssetImportParameters requested are different than current active one (requested -> active):
  custom:framework-win-MediaFoundation: 216162199b28c13a410421893ffa2e32 -> 
  custom:video-decoder-ogg-theora: a1e56fd34408186e4bbccfd4996cb3dc -> 
  custom:container-muxer-webm: aa71ff27fc2769a1b78a27578f13a17b -> 
  custom:container-demuxer-webm: 4f35f7cbe854078d1ac9338744f61a02 -> 
  custom:container-demuxer-ogg: 62fdf1f143b41e24485cea50d1cbac27 -> 
  custom:video-encoder-webm-vp8: eb34c28f22e8b96e1ab97ce403110664 -> 
  custom:video-decoder-webm-vp8: 9c59270c3fd7afecdb556c50c9e8de78 -> 
  custom:audio-decoder-ogg-vorbis: bf7c407c2cedff20999df2af8eb42d56 -> 
  custom:audio-encoder-webm-vorbis: bf7c407c2cedff20999df2af8eb42d56 -> 
========================================================================
Received Import Request.
  path: Assets/Prefabs/Particles/OrbitalParticles.vfx
  artifactKey: Guid(d08ce3a12d884bc4f81d73e322ce9d8c) Importer(815301076,1909f56bfc062723c751e8b465ee728b)
Start importing Assets/Prefabs/Particles/OrbitalParticles.vfx using Guid(d08ce3a12d884bc4f81d73e322ce9d8c) Importer(815301076,1909f56bfc062723c751e8b465ee728b)  -> (artifact id: 'c84720c84aa11735681aa87fd46ba9fa') in 0.054892 seconds 
  Import took 0.060109 seconds .

========================================================================
Received Import Request.
  Time since last request: 42.775430 seconds.
  path: Assets/Animations/blackhole.controller
  artifactKey: Guid(5ca4af7c53732de48b068da170f46a20) Importer(815301076,1909f56bfc062723c751e8b465ee728b)
Start importing Assets/Animations/blackhole.controller using Guid(5ca4af7c53732de48b068da170f46a20) Importer(815301076,1909f56bfc062723c751e8b465ee728b)  -> (artifact id: '8907ed254c46481198cb240ab8cd4e86') in 0.010374 seconds 
  Import took 0.015014 seconds .

========================================================================
Received Import Request.
  Time since last request: 4.124939 seconds.
  path: Assets/Animations/DeathAnimation.anim
  artifactKey: Guid(7801abf5b50ae4a458e1b4b7a38ed1cc) Importer(815301076,1909f56bfc062723c751e8b465ee728b)
Start importing Assets/Animations/DeathAnimation.anim using Guid(7801abf5b50ae4a458e1b4b7a38ed1cc) Importer(815301076,1909f56bfc062723c751e8b465ee728b)  -> (artifact id: 'b2b0576823b4eeb618d4ebbbe448d036') in 0.008851 seconds 
  Import took 0.013408 seconds .

========================================================================
Received Import Request.
  Time since last request: 774.246834 seconds.
  path: Assets/Textures/nova_3.psd
  artifactKey: Guid(d185316c428e96742aebeb5c3a6c154a) Importer(815301076,1909f56bfc062723c751e8b465ee728b)
Start importing Assets/Textures/nova_3.psd using Guid(d185316c428e96742aebeb5c3a6c154a) Importer(815301076,1909f56bfc062723c751e8b465ee728b)  -> (artifact id: '0c1ddde24e68245a7a9bbc7ee6b9a17b') in 0.054579 seconds 
  Import took 0.060890 seconds .

========================================================================
Received Import Request.
  Time since last request: 22.744505 seconds.
  path: Assets/Materials/BlackHole/nova3.mat
  artifactKey: Guid(9164e9a44fd88a5408900c791a317238) Importer(815301076,1909f56bfc062723c751e8b465ee728b)
Start importing Assets/Materials/BlackHole/nova3.mat using Guid(9164e9a44fd88a5408900c791a317238) Importer(815301076,1909f56bfc062723c751e8b465ee728b)  -> (artifact id: '5f83b5e9dc419e0fb014143a36f9c459') in 0.220642 seconds 
  Import took 0.226172 seconds .

========================================================================
Received Import Request.
  Time since last request: 28.846412 seconds.
  path: Assets/Materials/BlackHole/nova3.mat
  artifactKey: Guid(9164e9a44fd88a5408900c791a317238) Importer(815301076,1909f56bfc062723c751e8b465ee728b)
Start importing Assets/Materials/BlackHole/nova3.mat using Guid(9164e9a44fd88a5408900c791a317238) Importer(815301076,1909f56bfc062723c751e8b465ee728b)  -> (artifact id: '9f9bd7f604801f3e293a57377583ac74') in 0.017984 seconds 
  Import took 0.023140 seconds .

========================================================================
Received Import Request.
  Time since last request: 205.123547 seconds.
  path: Assets/Prefabs/Environment/Black hole.prefab
  artifactKey: Guid(d310cc03a0596cb40a543b65f2757a21) Importer(815301076,1909f56bfc062723c751e8b465ee728b)
Start importing Assets/Prefabs/Environment/Black hole.prefab using Guid(d310cc03a0596cb40a543b65f2757a21) Importer(815301076,1909f56bfc062723c751e8b465ee728b)  -> (artifact id: '430d6a7d596f180a48ae63fbc1640e9f') in 0.051836 seconds 
  Import took 0.058474 seconds .

========================================================================
Received Import Request.
  Time since last request: 0.003197 seconds.
  path: Assets/Prefabs/Environment/Black hole.prefab
  artifactKey: Guid(d310cc03a0596cb40a543b65f2757a21) Importer(815301076,1909f56bfc062723c751e8b465ee728b)
Start importing Assets/Prefabs/Environment/Black hole.prefab using Guid(d310cc03a0596cb40a543b65f2757a21) Importer(815301076,1909f56bfc062723c751e8b465ee728b)  -> (artifact id: '430d6a7d596f180a48ae63fbc1640e9f') in 0.021044 seconds 
  Import took 0.026802 seconds .

========================================================================
Received Prepare
Registering precompiled user dll's ...
Registered in 0.006070 seconds.
Begin MonoManager ReloadAssembly
Native extension for WindowsStandalone target not found
Refreshing native plugins compatible for Editor in 0.55 ms, found 2 plugins.
Preloading 0 native plugins for Editor in 0.00 ms.
Mono: successfully reloaded assembly
- Completed reload, in  1.263 seconds
Platform modules already initialized, skipping
Shader 'Universal Render Pipeline/Particles/Lit': fallback shader 'Universal Render Pipeline/Particles/SimpleLit' not found
Shader 'Universal Render Pipeline/Particles/Lit': fallback shader 'Universal Render Pipeline/Particles/SimpleLit' not found
Refreshing native plugins compatible for Editor in 0.63 ms, found 2 plugins.
Preloading 0 native plugins for Editor in 0.00 ms.
Unloading 3180 Unused Serialized files (Serialized files now loaded: 0)
System memory in use before: 142.2 MB.
System memory in use after: 139.8 MB.

Unloading 43 unused Assets to reduce memory usage. Loaded Objects now: 3778.
Total: 4.071400 ms (FindLiveObjects: 0.315400 ms CreateObjectMapping: 0.167800 ms MarkObjects: 2.384700 ms  DeleteObjects: 1.201800 ms)

AssetImportParameters requested are different than current active one (requested -> active):
  custom:framework-win-MediaFoundation: 216162199b28c13a410421893ffa2e32 -> 
  custom:video-decoder-ogg-theora: a1e56fd34408186e4bbccfd4996cb3dc -> 
  custom:container-muxer-webm: aa71ff27fc2769a1b78a27578f13a17b -> 
  custom:container-demuxer-webm: 4f35f7cbe854078d1ac9338744f61a02 -> 
  custom:container-demuxer-ogg: 62fdf1f143b41e24485cea50d1cbac27 -> 
  custom:video-encoder-webm-vp8: eb34c28f22e8b96e1ab97ce403110664 -> 
  custom:video-decoder-webm-vp8: 9c59270c3fd7afecdb556c50c9e8de78 -> 
  custom:audio-decoder-ogg-vorbis: bf7c407c2cedff20999df2af8eb42d56 -> 
  custom:audio-encoder-webm-vorbis: bf7c407c2cedff20999df2af8eb42d56 -> 
========================================================================
Received Import Request.
  Time since last request: 27.778682 seconds.
  path: Assets/Prefabs/Environment/Black hole.prefab
  artifactKey: Guid(d310cc03a0596cb40a543b65f2757a21) Importer(815301076,1909f56bfc062723c751e8b465ee728b)
Start importing Assets/Prefabs/Environment/Black hole.prefab using Guid(d310cc03a0596cb40a543b65f2757a21) Importer(815301076,1909f56bfc062723c751e8b465ee728b)  -> (artifact id: 'cba766f1c4eb513ff732f715dd4b9999') in 0.191780 seconds 
  Import took 0.198808 seconds .

========================================================================
Received Import Request.
  Time since last request: 8.710244 seconds.
  path: Assets/Prefabs/Environment/Black hole.prefab
  artifactKey: Guid(d310cc03a0596cb40a543b65f2757a21) Importer(815301076,1909f56bfc062723c751e8b465ee728b)
Start importing Assets/Prefabs/Environment/Black hole.prefab using Guid(d310cc03a0596cb40a543b65f2757a21) Importer(815301076,1909f56bfc062723c751e8b465ee728b)  -> (artifact id: 'da55c83b4d142c2ee17292a1be3efe73') in 0.017532 seconds 
  Import took 0.023143 seconds .

========================================================================
Received Prepare
Registering precompiled user dll's ...
Registered in 0.006018 seconds.
Begin MonoManager ReloadAssembly
Native extension for WindowsStandalone target not found
Refreshing native plugins compatible for Editor in 0.57 ms, found 2 plugins.
Preloading 0 native plugins for Editor in 0.00 ms.
Mono: successfully reloaded assembly
- Completed reload, in  1.277 seconds
Platform modules already initialized, skipping
Shader 'Universal Render Pipeline/Particles/Lit': fallback shader 'Universal Render Pipeline/Particles/SimpleLit' not found
Shader 'Universal Render Pipeline/Particles/Lit': fallback shader 'Universal Render Pipeline/Particles/SimpleLit' not found
Refreshing native plugins compatible for Editor in 0.61 ms, found 2 plugins.
Preloading 0 native plugins for Editor in 0.00 ms.
Unloading 3180 Unused Serialized files (Serialized files now loaded: 0)
System memory in use before: 142.4 MB.
System memory in use after: 140.1 MB.

Unloading 43 unused Assets to reduce memory usage. Loaded Objects now: 3817.
Total: 4.145100 ms (FindLiveObjects: 0.334100 ms CreateObjectMapping: 0.186300 ms MarkObjects: 2.388400 ms  DeleteObjects: 1.235000 ms)

AssetImportParameters requested are different than current active one (requested -> active):
  custom:framework-win-MediaFoundation: 216162199b28c13a410421893ffa2e32 -> 
  custom:video-decoder-ogg-theora: a1e56fd34408186e4bbccfd4996cb3dc -> 
  custom:container-muxer-webm: aa71ff27fc2769a1b78a27578f13a17b -> 
  custom:container-demuxer-webm: 4f35f7cbe854078d1ac9338744f61a02 -> 
  custom:container-demuxer-ogg: 62fdf1f143b41e24485cea50d1cbac27 -> 
  custom:video-encoder-webm-vp8: eb34c28f22e8b96e1ab97ce403110664 -> 
  custom:video-decoder-webm-vp8: 9c59270c3fd7afecdb556c50c9e8de78 -> 
  custom:audio-decoder-ogg-vorbis: bf7c407c2cedff20999df2af8eb42d56 -> 
  custom:audio-encoder-webm-vorbis: bf7c407c2cedff20999df2af8eb42d56 -> 
========================================================================
Received Import Request.
  Time since last request: 37.265037 seconds.
  path: Assets/Prefabs/Environment/Black hole.prefab
  artifactKey: Guid(d310cc03a0596cb40a543b65f2757a21) Importer(815301076,1909f56bfc062723c751e8b465ee728b)
Start importing Assets/Prefabs/Environment/Black hole.prefab using Guid(d310cc03a0596cb40a543b65f2757a21) Importer(815301076,1909f56bfc062723c751e8b465ee728b)  -> (artifact id: '25fa24a3b594eb5682d44868b26f30ff') in 0.198559 seconds 
  Import took 0.205002 seconds .

========================================================================
Received Import Request.
  Time since last request: 2.253086 seconds.
  path: Assets/Prefabs/Environment/Black hole.prefab
  artifactKey: Guid(d310cc03a0596cb40a543b65f2757a21) Importer(815301076,1909f56bfc062723c751e8b465ee728b)
Start importing Assets/Prefabs/Environment/Black hole.prefab using Guid(d310cc03a0596cb40a543b65f2757a21) Importer(815301076,1909f56bfc062723c751e8b465ee728b)  -> (artifact id: '379c9d029b61882771b505d40b1f2643') in 0.019264 seconds 
  Import took 0.025119 seconds .

========================================================================
Received Prepare
Registering precompiled user dll's ...
Registered in 0.005538 seconds.
Begin MonoManager ReloadAssembly
Native extension for WindowsStandalone target not found
Refreshing native plugins compatible for Editor in 0.52 ms, found 2 plugins.
Preloading 0 native plugins for Editor in 0.00 ms.
Mono: successfully reloaded assembly
- Completed reload, in  1.112 seconds
Platform modules already initialized, skipping
Shader 'Universal Render Pipeline/Particles/Lit': fallback shader 'Universal Render Pipeline/Particles/SimpleLit' not found
Shader 'Universal Render Pipeline/Particles/Lit': fallback shader 'Universal Render Pipeline/Particles/SimpleLit' not found
Refreshing native plugins compatible for Editor in 0.55 ms, found 2 plugins.
Preloading 0 native plugins for Editor in 0.00 ms.
Unloading 3180 Unused Serialized files (Serialized files now loaded: 0)
System memory in use before: 142.5 MB.
System memory in use after: 140.2 MB.

Unloading 43 unused Assets to reduce memory usage. Loaded Objects now: 3856.
Total: 4.233600 ms (FindLiveObjects: 0.310800 ms CreateObjectMapping: 0.167500 ms MarkObjects: 2.388000 ms  DeleteObjects: 1.333800 ms)

AssetImportParameters requested are different than current active one (requested -> active):
  custom:framework-win-MediaFoundation: 216162199b28c13a410421893ffa2e32 -> 
  custom:video-decoder-ogg-theora: a1e56fd34408186e4bbccfd4996cb3dc -> 
  custom:container-muxer-webm: aa71ff27fc2769a1b78a27578f13a17b -> 
  custom:container-demuxer-webm: 4f35f7cbe854078d1ac9338744f61a02 -> 
  custom:container-demuxer-ogg: 62fdf1f143b41e24485cea50d1cbac27 -> 
  custom:video-encoder-webm-vp8: eb34c28f22e8b96e1ab97ce403110664 -> 
  custom:video-decoder-webm-vp8: 9c59270c3fd7afecdb556c50c9e8de78 -> 
  custom:audio-decoder-ogg-vorbis: bf7c407c2cedff20999df2af8eb42d56 -> 
  custom:audio-encoder-webm-vorbis: bf7c407c2cedff20999df2af8eb42d56 -> 
========================================================================
Received Import Request.
  Time since last request: 10.009355 seconds.
  path: Assets/Prefabs/Environment/Black hole.prefab
  artifactKey: Guid(d310cc03a0596cb40a543b65f2757a21) Importer(815301076,1909f56bfc062723c751e8b465ee728b)
Start importing Assets/Prefabs/Environment/Black hole.prefab using Guid(d310cc03a0596cb40a543b65f2757a21) Importer(815301076,1909f56bfc062723c751e8b465ee728b)  -> (artifact id: '6c3f721e2b89099c09ac0e407ce6d790') in 0.193357 seconds 
  Import took 0.199883 seconds .

========================================================================
Received Prepare
Registering precompiled user dll's ...
Registered in 0.005868 seconds.
Begin MonoManager ReloadAssembly
Native extension for WindowsStandalone target not found
Refreshing native plugins compatible for Editor in 0.55 ms, found 2 plugins.
Preloading 0 native plugins for Editor in 0.00 ms.
Mono: successfully reloaded assembly
- Completed reload, in  1.990 seconds
Platform modules already initialized, skipping
Shader 'Universal Render Pipeline/Particles/Lit': fallback shader 'Universal Render Pipeline/Particles/SimpleLit' not found
Shader 'Universal Render Pipeline/Particles/Lit': fallback shader 'Universal Render Pipeline/Particles/SimpleLit' not found
Refreshing native plugins compatible for Editor in 0.68 ms, found 2 plugins.
Preloading 0 native plugins for Editor in 0.00 ms.
Unloading 3180 Unused Serialized files (Serialized files now loaded: 0)
System memory in use before: 142.8 MB.
System memory in use after: 140.4 MB.

Unloading 43 unused Assets to reduce memory usage. Loaded Objects now: 3895.
Total: 4.877400 ms (FindLiveObjects: 0.403900 ms CreateObjectMapping: 0.226900 ms MarkObjects: 2.585100 ms  DeleteObjects: 1.659800 ms)

AssetImportParameters requested are different than current active one (requested -> active):
  custom:framework-win-MediaFoundation: 216162199b28c13a410421893ffa2e32 -> 
  custom:video-decoder-ogg-theora: a1e56fd34408186e4bbccfd4996cb3dc -> 
  custom:container-muxer-webm: aa71ff27fc2769a1b78a27578f13a17b -> 
  custom:container-demuxer-webm: 4f35f7cbe854078d1ac9338744f61a02 -> 
  custom:container-demuxer-ogg: 62fdf1f143b41e24485cea50d1cbac27 -> 
  custom:video-encoder-webm-vp8: eb34c28f22e8b96e1ab97ce403110664 -> 
  custom:video-decoder-webm-vp8: 9c59270c3fd7afecdb556c50c9e8de78 -> 
  custom:audio-decoder-ogg-vorbis: bf7c407c2cedff20999df2af8eb42d56 -> 
  custom:audio-encoder-webm-vorbis: bf7c407c2cedff20999df2af8eb42d56 -> 
========================================================================
Received Prepare
Registering precompiled user dll's ...
Registered in 0.006070 seconds.
Begin MonoManager ReloadAssembly
Native extension for WindowsStandalone target not found
Refreshing native plugins compatible for Editor in 0.57 ms, found 2 plugins.
Preloading 0 native plugins for Editor in 0.00 ms.
Mono: successfully reloaded assembly
- Completed reload, in  1.301 seconds
Platform modules already initialized, skipping
Shader 'Universal Render Pipeline/Particles/Lit': fallback shader 'Universal Render Pipeline/Particles/SimpleLit' not found
Shader 'Universal Render Pipeline/Particles/Lit': fallback shader 'Universal Render Pipeline/Particles/SimpleLit' not found
Refreshing native plugins compatible for Editor in 0.63 ms, found 2 plugins.
Preloading 0 native plugins for Editor in 0.00 ms.
Unloading 3180 Unused Serialized files (Serialized files now loaded: 0)
System memory in use before: 142.8 MB.
System memory in use after: 140.4 MB.

Unloading 42 unused Assets to reduce memory usage. Loaded Objects now: 3898.
Total: 4.481700 ms (FindLiveObjects: 0.342100 ms CreateObjectMapping: 0.164100 ms MarkObjects: 2.615400 ms  DeleteObjects: 1.358900 ms)

AssetImportParameters requested are different than current active one (requested -> active):
  custom:framework-win-MediaFoundation: 216162199b28c13a410421893ffa2e32 -> 
  custom:video-decoder-ogg-theora: a1e56fd34408186e4bbccfd4996cb3dc -> 
  custom:container-muxer-webm: aa71ff27fc2769a1b78a27578f13a17b -> 
  custom:container-demuxer-webm: 4f35f7cbe854078d1ac9338744f61a02 -> 
  custom:container-demuxer-ogg: 62fdf1f143b41e24485cea50d1cbac27 -> 
  custom:video-encoder-webm-vp8: eb34c28f22e8b96e1ab97ce403110664 -> 
  custom:video-decoder-webm-vp8: 9c59270c3fd7afecdb556c50c9e8de78 -> 
  custom:audio-decoder-ogg-vorbis: bf7c407c2cedff20999df2af8eb42d56 -> 
  custom:audio-encoder-webm-vorbis: bf7c407c2cedff20999df2af8eb42d56 -> 
========================================================================
Received Import Request.
  Time since last request: 69.281075 seconds.
  path: Assets/Prefabs/Environment/Black hole.prefab
  artifactKey: Guid(d310cc03a0596cb40a543b65f2757a21) Importer(815301076,1909f56bfc062723c751e8b465ee728b)
Start importing Assets/Prefabs/Environment/Black hole.prefab using Guid(d310cc03a0596cb40a543b65f2757a21) Importer(815301076,1909f56bfc062723c751e8b465ee728b)  -> (artifact id: '7de4775609e265e76fbd86749b671aba') in 0.182339 seconds 
  Import took 0.188011 seconds .

========================================================================
Received Import Request.
  Time since last request: 58.772264 seconds.
  path: Assets/Prefabs/Environment/Black hole.prefab
  artifactKey: Guid(d310cc03a0596cb40a543b65f2757a21) Importer(815301076,1909f56bfc062723c751e8b465ee728b)
Start importing Assets/Prefabs/Environment/Black hole.prefab using Guid(d310cc03a0596cb40a543b65f2757a21) Importer(815301076,1909f56bfc062723c751e8b465ee728b)  -> (artifact id: '7a6e284cc68388711c98935ddf798c7e') in 0.022856 seconds 
  Import took 0.028736 seconds .

========================================================================
Received Import Request.
  Time since last request: 6.440167 seconds.
  path: Assets/Prefabs/Environment/Black hole.prefab
  artifactKey: Guid(d310cc03a0596cb40a543b65f2757a21) Importer(815301076,1909f56bfc062723c751e8b465ee728b)
Start importing Assets/Prefabs/Environment/Black hole.prefab using Guid(d310cc03a0596cb40a543b65f2757a21) Importer(815301076,1909f56bfc062723c751e8b465ee728b)  -> (artifact id: 'e1be9c4cdde8bac35636564322e9ae39') in 0.022534 seconds 
  Import took 0.028137 seconds .

========================================================================
Received Import Request.
  Time since last request: 5.257405 seconds.
  path: Assets/Prefabs/Environment/Black hole.prefab
  artifactKey: Guid(d310cc03a0596cb40a543b65f2757a21) Importer(815301076,1909f56bfc062723c751e8b465ee728b)
Start importing Assets/Prefabs/Environment/Black hole.prefab using Guid(d310cc03a0596cb40a543b65f2757a21) Importer(815301076,1909f56bfc062723c751e8b465ee728b)  -> (artifact id: '731438c5461666ebff113803e1241088') in 0.022569 seconds 
  Import took 0.028599 seconds .

========================================================================
Received Import Request.
  Time since last request: 2.417996 seconds.
  path: Assets/Prefabs/Environment/Black hole.prefab
  artifactKey: Guid(d310cc03a0596cb40a543b65f2757a21) Importer(815301076,1909f56bfc062723c751e8b465ee728b)
Start importing Assets/Prefabs/Environment/Black hole.prefab using Guid(d310cc03a0596cb40a543b65f2757a21) Importer(815301076,1909f56bfc062723c751e8b465ee728b)  -> (artifact id: 'cd1985b7802f6ee2e98f05f13cf3f599') in 0.021917 seconds 
  Import took 0.027666 seconds .

========================================================================
Received Import Request.
  Time since last request: 4.710232 seconds.
  path: Assets/Prefabs/Environment/Black hole.prefab
  artifactKey: Guid(d310cc03a0596cb40a543b65f2757a21) Importer(815301076,1909f56bfc062723c751e8b465ee728b)
Start importing Assets/Prefabs/Environment/Black hole.prefab using Guid(d310cc03a0596cb40a543b65f2757a21) Importer(815301076,1909f56bfc062723c751e8b465ee728b)  -> (artifact id: 'd66627fdce66ad73a7265b45908240ec') in 0.036319 seconds 
  Import took 0.043003 seconds .

========================================================================
Received Import Request.
  Time since last request: 13.061523 seconds.
  path: Assets/Prefabs/Environment/Black hole.prefab
  artifactKey: Guid(d310cc03a0596cb40a543b65f2757a21) Importer(815301076,1909f56bfc062723c751e8b465ee728b)
Start importing Assets/Prefabs/Environment/Black hole.prefab using Guid(d310cc03a0596cb40a543b65f2757a21) Importer(815301076,1909f56bfc062723c751e8b465ee728b)  -> (artifact id: '886dfccca039df5680057be5fa1ecec5') in 0.024693 seconds 
  Import took 0.030706 seconds .

========================================================================
Received Import Request.
  Time since last request: 3.433835 seconds.
  path: Assets/Prefabs/Environment/Black hole.prefab
  artifactKey: Guid(d310cc03a0596cb40a543b65f2757a21) Importer(815301076,1909f56bfc062723c751e8b465ee728b)
Start importing Assets/Prefabs/Environment/Black hole.prefab using Guid(d310cc03a0596cb40a543b65f2757a21) Importer(815301076,1909f56bfc062723c751e8b465ee728b)  -> (artifact id: 'b4a7611e991503d4daa1732b181dff53') in 0.022859 seconds 
  Import took 0.028693 seconds .

========================================================================
Received Import Request.
  Time since last request: 10.403568 seconds.
  path: Assets/Prefabs/Environment/Black hole.prefab
  artifactKey: Guid(d310cc03a0596cb40a543b65f2757a21) Importer(815301076,1909f56bfc062723c751e8b465ee728b)
Start importing Assets/Prefabs/Environment/Black hole.prefab using Guid(d310cc03a0596cb40a543b65f2757a21) Importer(815301076,1909f56bfc062723c751e8b465ee728b)  -> (artifact id: 'b5c8587d957582201e63cf7f95955b5e') in 0.023327 seconds 
  Import took 0.028912 seconds .

========================================================================
Received Import Request.
  Time since last request: 7.692681 seconds.
  path: Assets/Prefabs/Environment/Black hole.prefab
  artifactKey: Guid(d310cc03a0596cb40a543b65f2757a21) Importer(815301076,1909f56bfc062723c751e8b465ee728b)
Start importing Assets/Prefabs/Environment/Black hole.prefab using Guid(d310cc03a0596cb40a543b65f2757a21) Importer(815301076,1909f56bfc062723c751e8b465ee728b)  -> (artifact id: '2cd42dc7eab92a84480150800f6a1d48') in 0.019379 seconds 
  Import took 0.025311 seconds .

========================================================================
Received Import Request.
  Time since last request: 1.186470 seconds.
  path: Assets/Prefabs/Environment/Black hole.prefab
  artifactKey: Guid(d310cc03a0596cb40a543b65f2757a21) Importer(815301076,1909f56bfc062723c751e8b465ee728b)
Start importing Assets/Prefabs/Environment/Black hole.prefab using Guid(d310cc03a0596cb40a543b65f2757a21) Importer(815301076,1909f56bfc062723c751e8b465ee728b)  -> (artifact id: 'c2505933b66a838090c8b9b2d501ff9f') in 0.021525 seconds 
  Import took 0.027086 seconds .

========================================================================
Received Import Request.
  Time since last request: 11.968673 seconds.
  path: Assets/Prefabs/Environment/Black hole.prefab
  artifactKey: Guid(d310cc03a0596cb40a543b65f2757a21) Importer(815301076,1909f56bfc062723c751e8b465ee728b)
Start importing Assets/Prefabs/Environment/Black hole.prefab using Guid(d310cc03a0596cb40a543b65f2757a21) Importer(815301076,1909f56bfc062723c751e8b465ee728b)  -> (artifact id: '00220e6e5f62b08878e78e3c8da29d20') in 0.019724 seconds 
  Import took 0.025452 seconds .

========================================================================
Received Import Request.
  Time since last request: 4.048113 seconds.
  path: Assets/Prefabs/Environment/Black hole.prefab
  artifactKey: Guid(d310cc03a0596cb40a543b65f2757a21) Importer(815301076,1909f56bfc062723c751e8b465ee728b)
Start importing Assets/Prefabs/Environment/Black hole.prefab using Guid(d310cc03a0596cb40a543b65f2757a21) Importer(815301076,1909f56bfc062723c751e8b465ee728b)  -> (artifact id: 'ef5f97d543d446e3019e8f630f150445') in 0.020898 seconds 
  Import took 0.026931 seconds .

========================================================================
Received Import Request.
  Time since last request: 2.456336 seconds.
  path: Assets/Prefabs/Environment/Black hole.prefab
  artifactKey: Guid(d310cc03a0596cb40a543b65f2757a21) Importer(815301076,1909f56bfc062723c751e8b465ee728b)
Start importing Assets/Prefabs/Environment/Black hole.prefab using Guid(d310cc03a0596cb40a543b65f2757a21) Importer(815301076,1909f56bfc062723c751e8b465ee728b)  -> (artifact id: '9bf467281268f028d85abe9086e8ce8d') in 0.019539 seconds 
  Import took 0.025995 seconds .

========================================================================
Received Import Request.
  Time since last request: 16.949445 seconds.
  path: Assets/Prefabs/Environment/Black hole.prefab
  artifactKey: Guid(d310cc03a0596cb40a543b65f2757a21) Importer(815301076,1909f56bfc062723c751e8b465ee728b)
Start importing Assets/Prefabs/Environment/Black hole.prefab using Guid(d310cc03a0596cb40a543b65f2757a21) Importer(815301076,1909f56bfc062723c751e8b465ee728b)  -> (artifact id: 'e433d977f3461387e2813be52504a759') in 0.021508 seconds 
  Import took 0.027446 seconds .

========================================================================
Received Import Request.
  Time since last request: 10.122150 seconds.
  path: Assets/Prefabs/Environment/Black hole.prefab
  artifactKey: Guid(d310cc03a0596cb40a543b65f2757a21) Importer(815301076,1909f56bfc062723c751e8b465ee728b)
Start importing Assets/Prefabs/Environment/Black hole.prefab using Guid(d310cc03a0596cb40a543b65f2757a21) Importer(815301076,1909f56bfc062723c751e8b465ee728b)  -> (artifact id: 'f1c007f395973e89876655018e37d9c5') in 0.019956 seconds 
  Import took 0.025724 seconds .

========================================================================
Received Import Request.
  Time since last request: 6.738112 seconds.
  path: Assets/Prefabs/Environment/Black hole.prefab
  artifactKey: Guid(d310cc03a0596cb40a543b65f2757a21) Importer(815301076,1909f56bfc062723c751e8b465ee728b)
Start importing Assets/Prefabs/Environment/Black hole.prefab using Guid(d310cc03a0596cb40a543b65f2757a21) Importer(815301076,1909f56bfc062723c751e8b465ee728b)  -> (artifact id: 'f67d39617f5bc9bc015ef7995713cb9c') in 0.020114 seconds 
  Import took 0.026174 seconds .

========================================================================
Received Import Request.
  Time since last request: 14.193611 seconds.
  path: Assets/Prefabs/Environment/Black hole.prefab
  artifactKey: Guid(d310cc03a0596cb40a543b65f2757a21) Importer(815301076,1909f56bfc062723c751e8b465ee728b)
Start importing Assets/Prefabs/Environment/Black hole.prefab using Guid(d310cc03a0596cb40a543b65f2757a21) Importer(815301076,1909f56bfc062723c751e8b465ee728b)  -> (artifact id: '5de37dbb34e5736aeddaee839d2afb4d') in 0.022494 seconds 
  Import took 0.028293 seconds .

========================================================================
Received Import Request.
  Time since last request: 10.741046 seconds.
  path: Assets/Prefabs/Environment/Black hole.prefab
  artifactKey: Guid(d310cc03a0596cb40a543b65f2757a21) Importer(815301076,1909f56bfc062723c751e8b465ee728b)
Start importing Assets/Prefabs/Environment/Black hole.prefab using Guid(d310cc03a0596cb40a543b65f2757a21) Importer(815301076,1909f56bfc062723c751e8b465ee728b)  -> (artifact id: '39835746bb1d146bda1350104aab6531') in 0.021127 seconds 
  Import took 0.027340 seconds .

========================================================================
Received Import Request.
  Time since last request: 5.654102 seconds.
  path: Assets/Prefabs/Environment/Black hole.prefab
  artifactKey: Guid(d310cc03a0596cb40a543b65f2757a21) Importer(815301076,1909f56bfc062723c751e8b465ee728b)
Start importing Assets/Prefabs/Environment/Black hole.prefab using Guid(d310cc03a0596cb40a543b65f2757a21) Importer(815301076,1909f56bfc062723c751e8b465ee728b)  -> (artifact id: 'ca8fd12139aa42703118bf918ef7ff84') in 0.020304 seconds 
  Import took 0.026108 seconds .

========================================================================
Received Import Request.
  Time since last request: 6.856512 seconds.
  path: Assets/Prefabs/Environment/Black hole.prefab
  artifactKey: Guid(d310cc03a0596cb40a543b65f2757a21) Importer(815301076,1909f56bfc062723c751e8b465ee728b)
Start importing Assets/Prefabs/Environment/Black hole.prefab using Guid(d310cc03a0596cb40a543b65f2757a21) Importer(815301076,1909f56bfc062723c751e8b465ee728b)  -> (artifact id: 'f904477b30ca0eb446951a7999e823e1') in 0.021437 seconds 
  Import took 0.028166 seconds .

========================================================================
Received Import Request.
  Time since last request: 1.999544 seconds.
  path: Assets/Prefabs/Environment/Black hole.prefab
  artifactKey: Guid(d310cc03a0596cb40a543b65f2757a21) Importer(815301076,1909f56bfc062723c751e8b465ee728b)
Start importing Assets/Prefabs/Environment/Black hole.prefab using Guid(d310cc03a0596cb40a543b65f2757a21) Importer(815301076,1909f56bfc062723c751e8b465ee728b)  -> (artifact id: 'a50ba45635289296117d009d8364e0c4') in 0.020438 seconds 
  Import took 0.027216 seconds .

========================================================================
Received Import Request.
  Time since last request: 2.823337 seconds.
  path: Assets/Prefabs/Environment/Black hole.prefab
  artifactKey: Guid(d310cc03a0596cb40a543b65f2757a21) Importer(815301076,1909f56bfc062723c751e8b465ee728b)
Start importing Assets/Prefabs/Environment/Black hole.prefab using Guid(d310cc03a0596cb40a543b65f2757a21) Importer(815301076,1909f56bfc062723c751e8b465ee728b)  -> (artifact id: 'c06ec6480cab6e583497856c30fa9aaf') in 0.019827 seconds 
  Import took 0.026267 seconds .

========================================================================
Received Import Request.
  Time since last request: 7.111125 seconds.
  path: Assets/Prefabs/Environment/Black hole.prefab
  artifactKey: Guid(d310cc03a0596cb40a543b65f2757a21) Importer(815301076,1909f56bfc062723c751e8b465ee728b)
Start importing Assets/Prefabs/Environment/Black hole.prefab using Guid(d310cc03a0596cb40a543b65f2757a21) Importer(815301076,1909f56bfc062723c751e8b465ee728b)  -> (artifact id: '16cfbdc49e4cfbb21247cb31d95cae8e') in 0.020129 seconds 
  Import took 0.025942 seconds .

========================================================================
Received Import Request.
  Time since last request: 4.048185 seconds.
  path: Assets/Prefabs/Environment/Black hole.prefab
  artifactKey: Guid(d310cc03a0596cb40a543b65f2757a21) Importer(815301076,1909f56bfc062723c751e8b465ee728b)
Start importing Assets/Prefabs/Environment/Black hole.prefab using Guid(d310cc03a0596cb40a543b65f2757a21) Importer(815301076,1909f56bfc062723c751e8b465ee728b)  -> (artifact id: '1468d8bc72bdcb701ef3bdc56cecfa61') in 0.020941 seconds 
  Import took 0.026780 seconds .

========================================================================
Received Import Request.
  Time since last request: 6.332554 seconds.
  path: Assets/Prefabs/Environment/Black hole.prefab
  artifactKey: Guid(d310cc03a0596cb40a543b65f2757a21) Importer(815301076,1909f56bfc062723c751e8b465ee728b)
Start importing Assets/Prefabs/Environment/Black hole.prefab using Guid(d310cc03a0596cb40a543b65f2757a21) Importer(815301076,1909f56bfc062723c751e8b465ee728b)  -> (artifact id: '93f3e4e9d8ce8fcaefc17a2e2f4fb829') in 0.020826 seconds 
  Import took 0.026465 seconds .

========================================================================
Received Import Request.
  Time since last request: 10.967544 seconds.
  path: Assets/Prefabs/Environment/Black hole.prefab
  artifactKey: Guid(d310cc03a0596cb40a543b65f2757a21) Importer(815301076,1909f56bfc062723c751e8b465ee728b)
Start importing Assets/Prefabs/Environment/Black hole.prefab using Guid(d310cc03a0596cb40a543b65f2757a21) Importer(815301076,1909f56bfc062723c751e8b465ee728b)  -> (artifact id: '7c94108d0b9252458797025b2eaa9857') in 0.021329 seconds 
  Import took 0.027074 seconds .

========================================================================
Received Import Request.
  Time since last request: 4.645532 seconds.
  path: Assets/Prefabs/Environment/Black hole.prefab
  artifactKey: Guid(d310cc03a0596cb40a543b65f2757a21) Importer(815301076,1909f56bfc062723c751e8b465ee728b)
Start importing Assets/Prefabs/Environment/Black hole.prefab using Guid(d310cc03a0596cb40a543b65f2757a21) Importer(815301076,1909f56bfc062723c751e8b465ee728b)  -> (artifact id: 'be330da46bff56e3a16d65d4d08215bd') in 0.020283 seconds 
  Import took 0.025846 seconds .

========================================================================
Received Import Request.
  Time since last request: 16.361754 seconds.
  path: Assets/Prefabs/Environment/Black hole.prefab
  artifactKey: Guid(d310cc03a0596cb40a543b65f2757a21) Importer(815301076,1909f56bfc062723c751e8b465ee728b)
Start importing Assets/Prefabs/Environment/Black hole.prefab using Guid(d310cc03a0596cb40a543b65f2757a21) Importer(815301076,1909f56bfc062723c751e8b465ee728b)  -> (artifact id: '1b099db4585f895e3bf4d085e878fbb5') in 0.021036 seconds 
  Import took 0.027670 seconds .

========================================================================
Received Import Request.
  Time since last request: 4.223488 seconds.
  path: Assets/Prefabs/Environment/Black hole.prefab
  artifactKey: Guid(d310cc03a0596cb40a543b65f2757a21) Importer(815301076,1909f56bfc062723c751e8b465ee728b)
Start importing Assets/Prefabs/Environment/Black hole.prefab using Guid(d310cc03a0596cb40a543b65f2757a21) Importer(815301076,1909f56bfc062723c751e8b465ee728b)  -> (artifact id: 'bed3e032b891d605939944801ae708af') in 0.021190 seconds 
  Import took 0.027081 seconds .

========================================================================
Received Import Request.
  Time since last request: 5.259177 seconds.
  path: Assets/Prefabs/Environment/Black hole.prefab
  artifactKey: Guid(d310cc03a0596cb40a543b65f2757a21) Importer(815301076,1909f56bfc062723c751e8b465ee728b)
Start importing Assets/Prefabs/Environment/Black hole.prefab using Guid(d310cc03a0596cb40a543b65f2757a21) Importer(815301076,1909f56bfc062723c751e8b465ee728b)  -> (artifact id: '24413cf94526e1d82d45898e18dab654') in 0.019192 seconds 
  Import took 0.025053 seconds .

========================================================================
Received Import Request.
  Time since last request: 4.446905 seconds.
  path: Assets/Prefabs/Environment/Black hole.prefab
  artifactKey: Guid(d310cc03a0596cb40a543b65f2757a21) Importer(815301076,1909f56bfc062723c751e8b465ee728b)
Start importing Assets/Prefabs/Environment/Black hole.prefab using Guid(d310cc03a0596cb40a543b65f2757a21) Importer(815301076,1909f56bfc062723c751e8b465ee728b)  -> (artifact id: 'f8265c54e1bd46789015fb6c2e832970') in 0.020366 seconds 
  Import took 0.026091 seconds .

========================================================================
Received Import Request.
  Time since last request: 2.606806 seconds.
  path: Assets/Prefabs/Environment/Black hole.prefab
  artifactKey: Guid(d310cc03a0596cb40a543b65f2757a21) Importer(815301076,1909f56bfc062723c751e8b465ee728b)
Start importing Assets/Prefabs/Environment/Black hole.prefab using Guid(d310cc03a0596cb40a543b65f2757a21) Importer(815301076,1909f56bfc062723c751e8b465ee728b)  -> (artifact id: '3218f181d146e33d26e55add12d60829') in 0.020207 seconds 
  Import took 0.026018 seconds .

========================================================================
Received Import Request.
  Time since last request: 3.436017 seconds.
  path: Assets/Prefabs/Environment/Black hole.prefab
  artifactKey: Guid(d310cc03a0596cb40a543b65f2757a21) Importer(815301076,1909f56bfc062723c751e8b465ee728b)
Start importing Assets/Prefabs/Environment/Black hole.prefab using Guid(d310cc03a0596cb40a543b65f2757a21) Importer(815301076,1909f56bfc062723c751e8b465ee728b)  -> (artifact id: 'd0c1d65b0df66e5f172469287e13794d') in 0.021479 seconds 
  Import took 0.027903 seconds .

========================================================================
Received Import Request.
  Time since last request: 4.263670 seconds.
  path: Assets/Prefabs/Environment/Black hole.prefab
  artifactKey: Guid(d310cc03a0596cb40a543b65f2757a21) Importer(815301076,1909f56bfc062723c751e8b465ee728b)
Start importing Assets/Prefabs/Environment/Black hole.prefab using Guid(d310cc03a0596cb40a543b65f2757a21) Importer(815301076,1909f56bfc062723c751e8b465ee728b)  -> (artifact id: '6874cb005ac0fec14f531256837b49f7') in 0.021225 seconds 
  Import took 0.027040 seconds .

========================================================================
Received Import Request.
  Time since last request: 2.402106 seconds.
  path: Assets/Prefabs/Environment/Black hole.prefab
  artifactKey: Guid(d310cc03a0596cb40a543b65f2757a21) Importer(815301076,1909f56bfc062723c751e8b465ee728b)
Start importing Assets/Prefabs/Environment/Black hole.prefab using Guid(d310cc03a0596cb40a543b65f2757a21) Importer(815301076,1909f56bfc062723c751e8b465ee728b)  -> (artifact id: '4a105f43f4e4c05f05c0d77e485eec77') in 0.019987 seconds 
  Import took 0.025842 seconds .

========================================================================
Received Import Request.
  Time since last request: 2.426588 seconds.
  path: Assets/Prefabs/Environment/Black hole.prefab
  artifactKey: Guid(d310cc03a0596cb40a543b65f2757a21) Importer(815301076,1909f56bfc062723c751e8b465ee728b)
Start importing Assets/Prefabs/Environment/Black hole.prefab using Guid(d310cc03a0596cb40a543b65f2757a21) Importer(815301076,1909f56bfc062723c751e8b465ee728b)  -> (artifact id: '2d112bd50a7c842e318c6e67bd7a078e') in 0.019363 seconds 
  Import took 0.025368 seconds .

========================================================================
Received Import Request.
  Time since last request: 10.157231 seconds.
  path: Assets/Prefabs/Environment/Black hole.prefab
  artifactKey: Guid(d310cc03a0596cb40a543b65f2757a21) Importer(815301076,1909f56bfc062723c751e8b465ee728b)
Start importing Assets/Prefabs/Environment/Black hole.prefab using Guid(d310cc03a0596cb40a543b65f2757a21) Importer(815301076,1909f56bfc062723c751e8b465ee728b)  -> (artifact id: '48b1eaf752a497b3966b61a42e93cd23') in 0.024684 seconds 
  Import took 0.030096 seconds .

========================================================================
Received Import Request.
  Time since last request: 2.006708 seconds.
  path: Assets/Prefabs/Environment/Black hole.prefab
  artifactKey: Guid(d310cc03a0596cb40a543b65f2757a21) Importer(815301076,1909f56bfc062723c751e8b465ee728b)
Start importing Assets/Prefabs/Environment/Black hole.prefab using Guid(d310cc03a0596cb40a543b65f2757a21) Importer(815301076,1909f56bfc062723c751e8b465ee728b)  -> (artifact id: '93cfe3ba70fe0f8046deb30f11d7db9f') in 0.022072 seconds 
  Import took 0.027713 seconds .

========================================================================
Received Import Request.
  Time since last request: 5.538328 seconds.
  path: Assets/Prefabs/Environment/Black hole.prefab
  artifactKey: Guid(d310cc03a0596cb40a543b65f2757a21) Importer(815301076,1909f56bfc062723c751e8b465ee728b)
Start importing Assets/Prefabs/Environment/Black hole.prefab using Guid(d310cc03a0596cb40a543b65f2757a21) Importer(815301076,1909f56bfc062723c751e8b465ee728b)  -> (artifact id: 'd9346325e50d4796df9646bd12df0f4b') in 0.022840 seconds 
  Import took 0.028649 seconds .

========================================================================
Received Import Request.
  Time since last request: 2.695900 seconds.
  path: Assets/Prefabs/Environment/Black hole.prefab
  artifactKey: Guid(d310cc03a0596cb40a543b65f2757a21) Importer(815301076,1909f56bfc062723c751e8b465ee728b)
Start importing Assets/Prefabs/Environment/Black hole.prefab using Guid(d310cc03a0596cb40a543b65f2757a21) Importer(815301076,1909f56bfc062723c751e8b465ee728b)  -> (artifact id: '85e9abeb730d929f92d1dfaac815db4f') in 0.022354 seconds 
  Import took 0.027905 seconds .

========================================================================
Received Import Request.
  Time since last request: 3.815908 seconds.
  path: Assets/Prefabs/Environment/Black hole.prefab
  artifactKey: Guid(d310cc03a0596cb40a543b65f2757a21) Importer(815301076,1909f56bfc062723c751e8b465ee728b)
Start importing Assets/Prefabs/Environment/Black hole.prefab using Guid(d310cc03a0596cb40a543b65f2757a21) Importer(815301076,1909f56bfc062723c751e8b465ee728b)  -> (artifact id: '18687c09054975da849f047c5fe5ce1d') in 0.020591 seconds 
  Import took 0.026382 seconds .

========================================================================
Received Import Request.
  Time since last request: 5.305980 seconds.
  path: Assets/Prefabs/Environment/Black hole.prefab
  artifactKey: Guid(d310cc03a0596cb40a543b65f2757a21) Importer(815301076,1909f56bfc062723c751e8b465ee728b)
Start importing Assets/Prefabs/Environment/Black hole.prefab using Guid(d310cc03a0596cb40a543b65f2757a21) Importer(815301076,1909f56bfc062723c751e8b465ee728b)  -> (artifact id: '960f84a4d6fc30addcdff5e7f3b1ee9a') in 0.020180 seconds 
  Import took 0.025773 seconds .

========================================================================
Received Import Request.
  Time since last request: 0.782242 seconds.
  path: Assets/Prefabs/Environment/Black hole.prefab
  artifactKey: Guid(d310cc03a0596cb40a543b65f2757a21) Importer(815301076,1909f56bfc062723c751e8b465ee728b)
Start importing Assets/Prefabs/Environment/Black hole.prefab using Guid(d310cc03a0596cb40a543b65f2757a21) Importer(815301076,1909f56bfc062723c751e8b465ee728b)  -> (artifact id: 'be180219562bd1915b1871764ce989af') in 0.019845 seconds 
  Import took 0.025577 seconds .

========================================================================
Received Import Request.
  Time since last request: 14.137512 seconds.
  path: Assets/Prefabs/Environment/Black hole.prefab
  artifactKey: Guid(d310cc03a0596cb40a543b65f2757a21) Importer(815301076,1909f56bfc062723c751e8b465ee728b)
Start importing Assets/Prefabs/Environment/Black hole.prefab using Guid(d310cc03a0596cb40a543b65f2757a21) Importer(815301076,1909f56bfc062723c751e8b465ee728b)  -> (artifact id: 'ad5698bdd379f6ec2da92d60dfaea2d5') in 0.026100 seconds 
  Import took 0.032124 seconds .

========================================================================
Received Import Request.
  Time since last request: 2.254746 seconds.
  path: Assets/Prefabs/Environment/Black hole.prefab
  artifactKey: Guid(d310cc03a0596cb40a543b65f2757a21) Importer(815301076,1909f56bfc062723c751e8b465ee728b)
Start importing Assets/Prefabs/Environment/Black hole.prefab using Guid(d310cc03a0596cb40a543b65f2757a21) Importer(815301076,1909f56bfc062723c751e8b465ee728b)  -> (artifact id: 'cded9178295fff170723e9a98dae91c9') in 0.021483 seconds 
  Import took 0.027614 seconds .

========================================================================
Received Import Request.
  Time since last request: 9.028081 seconds.
  path: Assets/Prefabs/Environment/Black hole.prefab
  artifactKey: Guid(d310cc03a0596cb40a543b65f2757a21) Importer(815301076,1909f56bfc062723c751e8b465ee728b)
Start importing Assets/Prefabs/Environment/Black hole.prefab using Guid(d310cc03a0596cb40a543b65f2757a21) Importer(815301076,1909f56bfc062723c751e8b465ee728b)  -> (artifact id: '4d05d1d9ab3bd1d814c3bc0613ba3da1') in 0.026530 seconds 
  Import took 0.032324 seconds .

========================================================================
Received Import Request.
  Time since last request: 21.338785 seconds.
  path: Assets/Prefabs/Environment/Black hole.prefab
  artifactKey: Guid(d310cc03a0596cb40a543b65f2757a21) Importer(815301076,1909f56bfc062723c751e8b465ee728b)
Start importing Assets/Prefabs/Environment/Black hole.prefab using Guid(d310cc03a0596cb40a543b65f2757a21) Importer(815301076,1909f56bfc062723c751e8b465ee728b)  -> (artifact id: '2da7546c4c4033faa3fbd8abd4c9fe22') in 0.021650 seconds 
  Import took 0.027447 seconds .

========================================================================
Received Import Request.
  Time since last request: 2.313388 seconds.
  path: Assets/Prefabs/Environment/Black hole.prefab
  artifactKey: Guid(d310cc03a0596cb40a543b65f2757a21) Importer(815301076,1909f56bfc062723c751e8b465ee728b)
Start importing Assets/Prefabs/Environment/Black hole.prefab using Guid(d310cc03a0596cb40a543b65f2757a21) Importer(815301076,1909f56bfc062723c751e8b465ee728b)  -> (artifact id: 'cd526a9d2408c9c58faa3d2c55678f12') in 0.029477 seconds 
  Import took 0.035986 seconds .

========================================================================
Received Import Request.
  Time since last request: 4.859587 seconds.
  path: Assets/Prefabs/Environment/Black hole.prefab
  artifactKey: Guid(d310cc03a0596cb40a543b65f2757a21) Importer(815301076,1909f56bfc062723c751e8b465ee728b)
Start importing Assets/Prefabs/Environment/Black hole.prefab using Guid(d310cc03a0596cb40a543b65f2757a21) Importer(815301076,1909f56bfc062723c751e8b465ee728b)  -> (artifact id: '1cb4687a1093e5b9519ae5da6fbaa9ef') in 0.020289 seconds 
  Import took 0.026262 seconds .

========================================================================
Received Import Request.
  Time since last request: 0.782966 seconds.
  path: Assets/Prefabs/Environment/Black hole.prefab
  artifactKey: Guid(d310cc03a0596cb40a543b65f2757a21) Importer(815301076,1909f56bfc062723c751e8b465ee728b)
Start importing Assets/Prefabs/Environment/Black hole.prefab using Guid(d310cc03a0596cb40a543b65f2757a21) Importer(815301076,1909f56bfc062723c751e8b465ee728b)  -> (artifact id: '9e2bf76f4e2389c440b2a35ad7435f68') in 0.020853 seconds 
  Import took 0.026603 seconds .

========================================================================
Received Import Request.
  Time since last request: 7.278224 seconds.
  path: Assets/Prefabs/Environment/Black hole.prefab
  artifactKey: Guid(d310cc03a0596cb40a543b65f2757a21) Importer(815301076,1909f56bfc062723c751e8b465ee728b)
Start importing Assets/Prefabs/Environment/Black hole.prefab using Guid(d310cc03a0596cb40a543b65f2757a21) Importer(815301076,1909f56bfc062723c751e8b465ee728b)  -> (artifact id: '9086adfdb9ae14b26bd6d269aefb49d3') in 0.021028 seconds 
  Import took 0.027158 seconds .

========================================================================
Received Import Request.
  Time since last request: 2.393801 seconds.
  path: Assets/Prefabs/Environment/Black hole.prefab
  artifactKey: Guid(d310cc03a0596cb40a543b65f2757a21) Importer(815301076,1909f56bfc062723c751e8b465ee728b)
Start importing Assets/Prefabs/Environment/Black hole.prefab using Guid(d310cc03a0596cb40a543b65f2757a21) Importer(815301076,1909f56bfc062723c751e8b465ee728b)  -> (artifact id: 'bbe57b4289afbd3363b631fad8c3d5c5') in 0.019978 seconds 
  Import took 0.025529 seconds .

========================================================================
Received Import Request.
  Time since last request: 3.650426 seconds.
  path: Assets/Prefabs/Environment/Black hole.prefab
  artifactKey: Guid(d310cc03a0596cb40a543b65f2757a21) Importer(815301076,1909f56bfc062723c751e8b465ee728b)
Start importing Assets/Prefabs/Environment/Black hole.prefab using Guid(d310cc03a0596cb40a543b65f2757a21) Importer(815301076,1909f56bfc062723c751e8b465ee728b)  -> (artifact id: '787299956806513596ace243b02c4378') in 0.023670 seconds 
  Import took 0.029620 seconds .

========================================================================
Received Import Request.
  Time since last request: 1.822040 seconds.
  path: Assets/Prefabs/Environment/Black hole.prefab
  artifactKey: Guid(d310cc03a0596cb40a543b65f2757a21) Importer(815301076,1909f56bfc062723c751e8b465ee728b)
Start importing Assets/Prefabs/Environment/Black hole.prefab using Guid(d310cc03a0596cb40a543b65f2757a21) Importer(815301076,1909f56bfc062723c751e8b465ee728b)  -> (artifact id: '1fcd2ae2de8fdc47cb80b6c9c995518e') in 0.019725 seconds 
  Import took 0.025814 seconds .

========================================================================
Received Import Request.
  Time since last request: 8.728854 seconds.
  path: Assets/Prefabs/Environment/Black hole.prefab
  artifactKey: Guid(d310cc03a0596cb40a543b65f2757a21) Importer(815301076,1909f56bfc062723c751e8b465ee728b)
Start importing Assets/Prefabs/Environment/Black hole.prefab using Guid(d310cc03a0596cb40a543b65f2757a21) Importer(815301076,1909f56bfc062723c751e8b465ee728b)  -> (artifact id: '04cb2124b9c47f3195bdc958edfae81a') in 0.019491 seconds 
  Import took 0.025403 seconds .

========================================================================
Received Import Request.
  Time since last request: 5.154325 seconds.
  path: Assets/Prefabs/Environment/Black hole.prefab
  artifactKey: Guid(d310cc03a0596cb40a543b65f2757a21) Importer(815301076,1909f56bfc062723c751e8b465ee728b)
Start importing Assets/Prefabs/Environment/Black hole.prefab using Guid(d310cc03a0596cb40a543b65f2757a21) Importer(815301076,1909f56bfc062723c751e8b465ee728b)  -> (artifact id: '8e24b9395b6fe353f6da7edf7374b0b5') in 0.021296 seconds 
  Import took 0.027338 seconds .

========================================================================
Received Import Request.
  Time since last request: 15.197235 seconds.
  path: Assets/Prefabs/Environment/Black hole.prefab
  artifactKey: Guid(d310cc03a0596cb40a543b65f2757a21) Importer(815301076,1909f56bfc062723c751e8b465ee728b)
Start importing Assets/Prefabs/Environment/Black hole.prefab using Guid(d310cc03a0596cb40a543b65f2757a21) Importer(815301076,1909f56bfc062723c751e8b465ee728b)  -> (artifact id: 'ddb26b759e6731feed0398c2d10c5915') in 0.020276 seconds 
  Import took 0.026181 seconds .

========================================================================
Received Import Request.
  Time since last request: 7.480627 seconds.
  path: Assets/Prefabs/Environment/Black hole.prefab
  artifactKey: Guid(d310cc03a0596cb40a543b65f2757a21) Importer(815301076,1909f56bfc062723c751e8b465ee728b)
Start importing Assets/Prefabs/Environment/Black hole.prefab using Guid(d310cc03a0596cb40a543b65f2757a21) Importer(815301076,1909f56bfc062723c751e8b465ee728b)  -> (artifact id: '843588b476a9e70536dec1b7642717a5') in 0.021690 seconds 
  Import took 0.027332 seconds .

========================================================================
Received Import Request.
  Time since last request: 5.250222 seconds.
  path: Assets/Prefabs/Environment/Black hole.prefab
  artifactKey: Guid(d310cc03a0596cb40a543b65f2757a21) Importer(815301076,1909f56bfc062723c751e8b465ee728b)
Start importing Assets/Prefabs/Environment/Black hole.prefab using Guid(d310cc03a0596cb40a543b65f2757a21) Importer(815301076,1909f56bfc062723c751e8b465ee728b)  -> (artifact id: '18f8a073bed5e9658a773968d707ab43') in 0.019674 seconds 
  Import took 0.025564 seconds .

========================================================================
Received Import Request.
  Time since last request: 11.802628 seconds.
  path: Assets/Prefabs/Environment/Black hole.prefab
  artifactKey: Guid(d310cc03a0596cb40a543b65f2757a21) Importer(815301076,1909f56bfc062723c751e8b465ee728b)
Start importing Assets/Prefabs/Environment/Black hole.prefab using Guid(d310cc03a0596cb40a543b65f2757a21) Importer(815301076,1909f56bfc062723c751e8b465ee728b)  -> (artifact id: '6f3bccc7d96e8a86ae67165acda48e92') in 0.027222 seconds 
  Import took 0.032897 seconds .

========================================================================
Received Import Request.
  Time since last request: 1.862550 seconds.
  path: Assets/Prefabs/Environment/Black hole.prefab
  artifactKey: Guid(d310cc03a0596cb40a543b65f2757a21) Importer(815301076,1909f56bfc062723c751e8b465ee728b)
Start importing Assets/Prefabs/Environment/Black hole.prefab using Guid(d310cc03a0596cb40a543b65f2757a21) Importer(815301076,1909f56bfc062723c751e8b465ee728b)  -> (artifact id: '114bf301f88041549b91583e829881c1') in 0.019671 seconds 
  Import took 0.025382 seconds .

========================================================================
Received Import Request.
  Time since last request: 7.709825 seconds.
  path: Assets/Prefabs/Environment/Black hole.prefab
  artifactKey: Guid(d310cc03a0596cb40a543b65f2757a21) Importer(815301076,1909f56bfc062723c751e8b465ee728b)
Start importing Assets/Prefabs/Environment/Black hole.prefab using Guid(d310cc03a0596cb40a543b65f2757a21) Importer(815301076,1909f56bfc062723c751e8b465ee728b)  -> (artifact id: 'ed59409934cb6c7e90918e4c82daface') in 0.021310 seconds 
  Import took 0.027383 seconds .

========================================================================
Received Import Request.
  Time since last request: 2.528821 seconds.
  path: Assets/Prefabs/Environment/Black hole.prefab
  artifactKey: Guid(d310cc03a0596cb40a543b65f2757a21) Importer(815301076,1909f56bfc062723c751e8b465ee728b)
Start importing Assets/Prefabs/Environment/Black hole.prefab using Guid(d310cc03a0596cb40a543b65f2757a21) Importer(815301076,1909f56bfc062723c751e8b465ee728b)  -> (artifact id: 'dee98b4594cd8edbbbff9a8c4378d897') in 0.020002 seconds 
  Import took 0.025930 seconds .

========================================================================
Received Import Request.
  Time since last request: 8.225022 seconds.
  path: Assets/Prefabs/Environment/Black hole.prefab
  artifactKey: Guid(d310cc03a0596cb40a543b65f2757a21) Importer(815301076,1909f56bfc062723c751e8b465ee728b)
Start importing Assets/Prefabs/Environment/Black hole.prefab using Guid(d310cc03a0596cb40a543b65f2757a21) Importer(815301076,1909f56bfc062723c751e8b465ee728b)  -> (artifact id: '5fc92169c4f58bf31a078554ab5ad495') in 0.020536 seconds 
  Import took 0.026327 seconds .

========================================================================
Received Import Request.
  Time since last request: 1.632075 seconds.
  path: Assets/Prefabs/Environment/Black hole.prefab
  artifactKey: Guid(d310cc03a0596cb40a543b65f2757a21) Importer(815301076,1909f56bfc062723c751e8b465ee728b)
Start importing Assets/Prefabs/Environment/Black hole.prefab using Guid(d310cc03a0596cb40a543b65f2757a21) Importer(815301076,1909f56bfc062723c751e8b465ee728b)  -> (artifact id: '495206b92f52fc454b2f8567a4395217') in 0.021566 seconds 
  Import took 0.027684 seconds .

========================================================================
Received Prepare
Registering precompiled user dll's ...
Registered in 0.005804 seconds.
Begin MonoManager ReloadAssembly
Native extension for WindowsStandalone target not found
Refreshing native plugins compatible for Editor in 0.55 ms, found 2 plugins.
Preloading 0 native plugins for Editor in 0.00 ms.
Mono: successfully reloaded assembly
- Completed reload, in  1.196 seconds
Platform modules already initialized, skipping
Shader 'Universal Render Pipeline/Particles/Lit': fallback shader 'Universal Render Pipeline/Particles/SimpleLit' not found
Shader 'Universal Render Pipeline/Particles/Lit': fallback shader 'Universal Render Pipeline/Particles/SimpleLit' not found
Refreshing native plugins compatible for Editor in 0.57 ms, found 2 plugins.
Preloading 0 native plugins for Editor in 0.00 ms.
Unloading 3180 Unused Serialized files (Serialized files now loaded: 0)
System memory in use before: 143.3 MB.
System memory in use after: 140.9 MB.

Unloading 43 unused Assets to reduce memory usage. Loaded Objects now: 3937.
Total: 4.279700 ms (FindLiveObjects: 0.329200 ms CreateObjectMapping: 0.202300 ms MarkObjects: 2.493600 ms  DeleteObjects: 1.253300 ms)

AssetImportParameters requested are different than current active one (requested -> active):
  custom:framework-win-MediaFoundation: 216162199b28c13a410421893ffa2e32 -> 
  custom:video-decoder-ogg-theora: a1e56fd34408186e4bbccfd4996cb3dc -> 
  custom:container-muxer-webm: aa71ff27fc2769a1b78a27578f13a17b -> 
  custom:container-demuxer-webm: 4f35f7cbe854078d1ac9338744f61a02 -> 
  custom:container-demuxer-ogg: 62fdf1f143b41e24485cea50d1cbac27 -> 
  custom:video-encoder-webm-vp8: eb34c28f22e8b96e1ab97ce403110664 -> 
  custom:video-decoder-webm-vp8: 9c59270c3fd7afecdb556c50c9e8de78 -> 
  custom:audio-decoder-ogg-vorbis: bf7c407c2cedff20999df2af8eb42d56 -> 
  custom:audio-encoder-webm-vorbis: bf7c407c2cedff20999df2af8eb42d56 -> 
========================================================================
Received Import Request.
  Time since last request: 30.223001 seconds.
  path: Assets/Prefabs/Environment/Black hole.prefab
  artifactKey: Guid(d310cc03a0596cb40a543b65f2757a21) Importer(815301076,1909f56bfc062723c751e8b465ee728b)
Start importing Assets/Prefabs/Environment/Black hole.prefab using Guid(d310cc03a0596cb40a543b65f2757a21) Importer(815301076,1909f56bfc062723c751e8b465ee728b)  -> (artifact id: '038fa9fa21a27731d9fc6d755f8eb5ac') in 0.182961 seconds 
  Import took 0.188926 seconds .

========================================================================
Received Import Request.
  Time since last request: 4.992791 seconds.
  path: Assets/Prefabs/Environment/Black hole.prefab
  artifactKey: Guid(d310cc03a0596cb40a543b65f2757a21) Importer(815301076,1909f56bfc062723c751e8b465ee728b)
Start importing Assets/Prefabs/Environment/Black hole.prefab using Guid(d310cc03a0596cb40a543b65f2757a21) Importer(815301076,1909f56bfc062723c751e8b465ee728b)  -> (artifact id: '76c347218670acb902122f756b766748') in 0.020762 seconds 
  Import took 0.026744 seconds .

========================================================================
Received Import Request.
  Time since last request: 3.134398 seconds.
  path: Assets/Prefabs/Environment/Black hole.prefab
  artifactKey: Guid(d310cc03a0596cb40a543b65f2757a21) Importer(815301076,1909f56bfc062723c751e8b465ee728b)
Start importing Assets/Prefabs/Environment/Black hole.prefab using Guid(d310cc03a0596cb40a543b65f2757a21) Importer(815301076,1909f56bfc062723c751e8b465ee728b)  -> (artifact id: 'cf9341fbaf470f4f90a73a9286834411') in 0.026231 seconds 
  Import took 0.031693 seconds .

========================================================================
Received Import Request.
  Time since last request: 9.827401 seconds.
  path: Assets/Prefabs/Environment/Black hole.prefab
  artifactKey: Guid(d310cc03a0596cb40a543b65f2757a21) Importer(815301076,1909f56bfc062723c751e8b465ee728b)
Start importing Assets/Prefabs/Environment/Black hole.prefab using Guid(d310cc03a0596cb40a543b65f2757a21) Importer(815301076,1909f56bfc062723c751e8b465ee728b)  -> (artifact id: '640caef6e7caddaf2c7e97addb364a26') in 0.021670 seconds 
  Import took 0.027704 seconds .

========================================================================
Received Import Request.
  Time since last request: 13.210166 seconds.
  path: Assets/Prefabs/Environment/Black hole.prefab
  artifactKey: Guid(d310cc03a0596cb40a543b65f2757a21) Importer(815301076,1909f56bfc062723c751e8b465ee728b)
Start importing Assets/Prefabs/Environment/Black hole.prefab using Guid(d310cc03a0596cb40a543b65f2757a21) Importer(815301076,1909f56bfc062723c751e8b465ee728b)  -> (artifact id: '607dc32d922613a2304f5d109751e994') in 0.022374 seconds 
  Import took 0.027993 seconds .

========================================================================
Received Import Request.
  Time since last request: 2.060665 seconds.
  path: Assets/Prefabs/Environment/Black hole.prefab
  artifactKey: Guid(d310cc03a0596cb40a543b65f2757a21) Importer(815301076,1909f56bfc062723c751e8b465ee728b)
Start importing Assets/Prefabs/Environment/Black hole.prefab using Guid(d310cc03a0596cb40a543b65f2757a21) Importer(815301076,1909f56bfc062723c751e8b465ee728b)  -> (artifact id: 'cbe844e0be29d270f9251989e308fcda') in 0.021240 seconds 
  Import took 0.026868 seconds .

========================================================================
Received Import Request.
  Time since last request: 13.196555 seconds.
  path: Assets/Prefabs/Environment/Black hole.prefab
  artifactKey: Guid(d310cc03a0596cb40a543b65f2757a21) Importer(815301076,1909f56bfc062723c751e8b465ee728b)
Start importing Assets/Prefabs/Environment/Black hole.prefab using Guid(d310cc03a0596cb40a543b65f2757a21) Importer(815301076,1909f56bfc062723c751e8b465ee728b)  -> (artifact id: '892404d1e57870b7a216cd6b8e4e2de7') in 0.023471 seconds 
  Import took 0.029108 seconds .

========================================================================
Received Import Request.
  Time since last request: 2.894204 seconds.
  path: Assets/Prefabs/Environment/Black hole.prefab
  artifactKey: Guid(d310cc03a0596cb40a543b65f2757a21) Importer(815301076,1909f56bfc062723c751e8b465ee728b)
Start importing Assets/Prefabs/Environment/Black hole.prefab using Guid(d310cc03a0596cb40a543b65f2757a21) Importer(815301076,1909f56bfc062723c751e8b465ee728b)  -> (artifact id: '523902898900931847258e10eba9e07c') in 0.022433 seconds 
  Import took 0.028219 seconds .

========================================================================
Received Import Request.
  Time since last request: 7.974446 seconds.
  path: Assets/Prefabs/Environment/Black hole.prefab
  artifactKey: Guid(d310cc03a0596cb40a543b65f2757a21) Importer(815301076,1909f56bfc062723c751e8b465ee728b)
Start importing Assets/Prefabs/Environment/Black hole.prefab using Guid(d310cc03a0596cb40a543b65f2757a21) Importer(815301076,1909f56bfc062723c751e8b465ee728b)  -> (artifact id: '52de3bf5d8e2cd658550753191270d6e') in 0.020966 seconds 
  Import took 0.026610 seconds .

========================================================================
Received Import Request.
  Time since last request: 5.440773 seconds.
  path: Assets/Prefabs/Environment/Black hole.prefab
  artifactKey: Guid(d310cc03a0596cb40a543b65f2757a21) Importer(815301076,1909f56bfc062723c751e8b465ee728b)
Start importing Assets/Prefabs/Environment/Black hole.prefab using Guid(d310cc03a0596cb40a543b65f2757a21) Importer(815301076,1909f56bfc062723c751e8b465ee728b)  -> (artifact id: 'd065b976d871b2db806d4902691b83ce') in 0.021994 seconds 
  Import took 0.027676 seconds .

========================================================================
Received Import Request.
  Time since last request: 5.493394 seconds.
  path: Assets/Prefabs/Environment/Black hole.prefab
  artifactKey: Guid(d310cc03a0596cb40a543b65f2757a21) Importer(815301076,1909f56bfc062723c751e8b465ee728b)
Start importing Assets/Prefabs/Environment/Black hole.prefab using Guid(d310cc03a0596cb40a543b65f2757a21) Importer(815301076,1909f56bfc062723c751e8b465ee728b)  -> (artifact id: '3c317932a80a397f82b0ffbba933bf91') in 0.021306 seconds 
  Import took 0.026800 seconds .

========================================================================
Received Import Request.
  Time since last request: 2.715781 seconds.
  path: Assets/Prefabs/Environment/Black hole.prefab
  artifactKey: Guid(d310cc03a0596cb40a543b65f2757a21) Importer(815301076,1909f56bfc062723c751e8b465ee728b)
Start importing Assets/Prefabs/Environment/Black hole.prefab using Guid(d310cc03a0596cb40a543b65f2757a21) Importer(815301076,1909f56bfc062723c751e8b465ee728b)  -> (artifact id: '2dc7d42cc5c00c30e780b2486bb7af95') in 0.023049 seconds 
  Import took 0.028514 seconds .

========================================================================
Received Import Request.
  Time since last request: 2.519295 seconds.
  path: Assets/Prefabs/Environment/Black hole.prefab
  artifactKey: Guid(d310cc03a0596cb40a543b65f2757a21) Importer(815301076,1909f56bfc062723c751e8b465ee728b)
Start importing Assets/Prefabs/Environment/Black hole.prefab using Guid(d310cc03a0596cb40a543b65f2757a21) Importer(815301076,1909f56bfc062723c751e8b465ee728b)  -> (artifact id: 'f28db1bf77679e5e1afb2265e055f41a') in 0.021264 seconds 
  Import took 0.027789 seconds .

========================================================================
Received Import Request.
  Time since last request: 1.440753 seconds.
  path: Assets/Prefabs/Environment/Black hole.prefab
  artifactKey: Guid(d310cc03a0596cb40a543b65f2757a21) Importer(815301076,1909f56bfc062723c751e8b465ee728b)
Start importing Assets/Prefabs/Environment/Black hole.prefab using Guid(d310cc03a0596cb40a543b65f2757a21) Importer(815301076,1909f56bfc062723c751e8b465ee728b)  -> (artifact id: '4a1175d1441c66b47bfcb1fa5f7bab78') in 0.019956 seconds 
  Import took 0.025864 seconds .

========================================================================
Received Import Request.
  Time since last request: 10.978409 seconds.
  path: Assets/Prefabs/Environment/Black hole.prefab
  artifactKey: Guid(d310cc03a0596cb40a543b65f2757a21) Importer(815301076,1909f56bfc062723c751e8b465ee728b)
Start importing Assets/Prefabs/Environment/Black hole.prefab using Guid(d310cc03a0596cb40a543b65f2757a21) Importer(815301076,1909f56bfc062723c751e8b465ee728b)  -> (artifact id: '3a6eb938636de37deb47e911fbeacb0b') in 0.021862 seconds 
  Import took 0.027592 seconds .

========================================================================
Received Import Request.
  Time since last request: 3.165233 seconds.
  path: Assets/Prefabs/Environment/Black hole.prefab
  artifactKey: Guid(d310cc03a0596cb40a543b65f2757a21) Importer(815301076,1909f56bfc062723c751e8b465ee728b)
Start importing Assets/Prefabs/Environment/Black hole.prefab using Guid(d310cc03a0596cb40a543b65f2757a21) Importer(815301076,1909f56bfc062723c751e8b465ee728b)  -> (artifact id: 'a20cd64d8eedee8a2029ce3199d769e9') in 0.023566 seconds 
  Import took 0.029211 seconds .

========================================================================
Received Import Request.
  Time since last request: 1.469681 seconds.
  path: Assets/Prefabs/Environment/Black hole.prefab
  artifactKey: Guid(d310cc03a0596cb40a543b65f2757a21) Importer(815301076,1909f56bfc062723c751e8b465ee728b)
Start importing Assets/Prefabs/Environment/Black hole.prefab using Guid(d310cc03a0596cb40a543b65f2757a21) Importer(815301076,1909f56bfc062723c751e8b465ee728b)  -> (artifact id: '1214fd71b4789f1100b05dedb349d6df') in 0.020684 seconds 
  Import took 0.026418 seconds .

========================================================================
Received Import Request.
  Time since last request: 6.960972 seconds.
  path: Assets/Prefabs/Environment/Black hole.prefab
  artifactKey: Guid(d310cc03a0596cb40a543b65f2757a21) Importer(815301076,1909f56bfc062723c751e8b465ee728b)
Start importing Assets/Prefabs/Environment/Black hole.prefab using Guid(d310cc03a0596cb40a543b65f2757a21) Importer(815301076,1909f56bfc062723c751e8b465ee728b)  -> (artifact id: 'efa7ee9d375577928bcde06f666336a2') in 0.021296 seconds 
  Import took 0.027374 seconds .

========================================================================
Received Import Request.
  Time since last request: 9.233252 seconds.
  path: Assets/Prefabs/Environment/Black hole.prefab
  artifactKey: Guid(d310cc03a0596cb40a543b65f2757a21) Importer(815301076,1909f56bfc062723c751e8b465ee728b)
Start importing Assets/Prefabs/Environment/Black hole.prefab using Guid(d310cc03a0596cb40a543b65f2757a21) Importer(815301076,1909f56bfc062723c751e8b465ee728b)  -> (artifact id: 'ff558acd2211f94141abf78f5bde4702') in 0.020495 seconds 
  Import took 0.026079 seconds .

========================================================================
Received Import Request.
  Time since last request: 8.339942 seconds.
  path: Assets/Prefabs/Environment/Black hole.prefab
  artifactKey: Guid(d310cc03a0596cb40a543b65f2757a21) Importer(815301076,1909f56bfc062723c751e8b465ee728b)
Start importing Assets/Prefabs/Environment/Black hole.prefab using Guid(d310cc03a0596cb40a543b65f2757a21) Importer(815301076,1909f56bfc062723c751e8b465ee728b)  -> (artifact id: '143317220968711bd7c06f8e4a238525') in 0.020967 seconds 
  Import took 0.027074 seconds .

========================================================================
Received Import Request.
  Time since last request: 11.331107 seconds.
  path: Assets/Prefabs/Environment/Black hole.prefab
  artifactKey: Guid(d310cc03a0596cb40a543b65f2757a21) Importer(815301076,1909f56bfc062723c751e8b465ee728b)
Start importing Assets/Prefabs/Environment/Black hole.prefab using Guid(d310cc03a0596cb40a543b65f2757a21) Importer(815301076,1909f56bfc062723c751e8b465ee728b)  -> (artifact id: 'f663b8038e98f09bb0111c4a7d0784e0') in 0.020447 seconds 
  Import took 0.026034 seconds .

========================================================================
Received Import Request.
  Time since last request: 4.559236 seconds.
  path: Assets/Prefabs/Environment/Black hole.prefab
  artifactKey: Guid(d310cc03a0596cb40a543b65f2757a21) Importer(815301076,1909f56bfc062723c751e8b465ee728b)
Start importing Assets/Prefabs/Environment/Black hole.prefab using Guid(d310cc03a0596cb40a543b65f2757a21) Importer(815301076,1909f56bfc062723c751e8b465ee728b)  -> (artifact id: 'd0eda342d3d0f2c6c9da22f57ebe3d30') in 0.020528 seconds 
  Import took 0.026107 seconds .

========================================================================
Received Import Request.
  Time since last request: 19.586977 seconds.
  path: Assets/Prefabs/Environment/Black hole.prefab
  artifactKey: Guid(d310cc03a0596cb40a543b65f2757a21) Importer(815301076,1909f56bfc062723c751e8b465ee728b)
Start importing Assets/Prefabs/Environment/Black hole.prefab using Guid(d310cc03a0596cb40a543b65f2757a21) Importer(815301076,1909f56bfc062723c751e8b465ee728b)  -> (artifact id: '05f6b5c83f0af22f3336359ce2f4424b') in 0.026325 seconds 
  Import took 0.031944 seconds .

========================================================================
Received Import Request.
  Time since last request: 9.629321 seconds.
  path: Assets/Prefabs/Environment/Black hole.prefab
  artifactKey: Guid(d310cc03a0596cb40a543b65f2757a21) Importer(815301076,1909f56bfc062723c751e8b465ee728b)
Start importing Assets/Prefabs/Environment/Black hole.prefab using Guid(d310cc03a0596cb40a543b65f2757a21) Importer(815301076,1909f56bfc062723c751e8b465ee728b)  -> (artifact id: '1f251015cd65f67295e2d3484fd740ba') in 0.021659 seconds 
  Import took 0.027362 seconds .

========================================================================
Received Import Request.
  Time since last request: 9.081735 seconds.
  path: Assets/Prefabs/Environment/Black hole.prefab
  artifactKey: Guid(d310cc03a0596cb40a543b65f2757a21) Importer(815301076,1909f56bfc062723c751e8b465ee728b)
Start importing Assets/Prefabs/Environment/Black hole.prefab using Guid(d310cc03a0596cb40a543b65f2757a21) Importer(815301076,1909f56bfc062723c751e8b465ee728b)  -> (artifact id: '1fa7c74aa35484a817fde8033d814ab0') in 0.025286 seconds 
  Import took 0.030709 seconds .

========================================================================
Received Import Request.
  Time since last request: 1.627353 seconds.
  path: Assets/Prefabs/Environment/Black hole.prefab
  artifactKey: Guid(d310cc03a0596cb40a543b65f2757a21) Importer(815301076,1909f56bfc062723c751e8b465ee728b)
Start importing Assets/Prefabs/Environment/Black hole.prefab using Guid(d310cc03a0596cb40a543b65f2757a21) Importer(815301076,1909f56bfc062723c751e8b465ee728b)  -> (artifact id: '97c5ea8a5dca63f0457fead062b30791') in 0.020221 seconds 
  Import took 0.026489 seconds .

========================================================================
Received Import Request.
  Time since last request: 5.400863 seconds.
  path: Assets/Prefabs/Environment/Black hole.prefab
  artifactKey: Guid(d310cc03a0596cb40a543b65f2757a21) Importer(815301076,1909f56bfc062723c751e8b465ee728b)
Start importing Assets/Prefabs/Environment/Black hole.prefab using Guid(d310cc03a0596cb40a543b65f2757a21) Importer(815301076,1909f56bfc062723c751e8b465ee728b)  -> (artifact id: '8224d083086b52fc159d8de71116197a') in 0.022358 seconds 
  Import took 0.028224 seconds .

========================================================================
Received Import Request.
  Time since last request: 4.170402 seconds.
  path: Assets/Prefabs/Environment/Black hole.prefab
  artifactKey: Guid(d310cc03a0596cb40a543b65f2757a21) Importer(815301076,1909f56bfc062723c751e8b465ee728b)
Start importing Assets/Prefabs/Environment/Black hole.prefab using Guid(d310cc03a0596cb40a543b65f2757a21) Importer(815301076,1909f56bfc062723c751e8b465ee728b)  -> (artifact id: 'bdca6e4373b28964f9b0f1445b36b7c4') in 0.025098 seconds 
  Import took 0.031335 seconds .

========================================================================
Received Import Request.
  Time since last request: 1.844818 seconds.
  path: Assets/Prefabs/Environment/Black hole.prefab
  artifactKey: Guid(d310cc03a0596cb40a543b65f2757a21) Importer(815301076,1909f56bfc062723c751e8b465ee728b)
Start importing Assets/Prefabs/Environment/Black hole.prefab using Guid(d310cc03a0596cb40a543b65f2757a21) Importer(815301076,1909f56bfc062723c751e8b465ee728b)  -> (artifact id: '6d182e3b43c857084ae5e0afd084a322') in 0.020409 seconds 
  Import took 0.025895 seconds .

========================================================================
Received Import Request.
  Time since last request: 5.620692 seconds.
  path: Assets/Prefabs/Environment/Black hole.prefab
  artifactKey: Guid(d310cc03a0596cb40a543b65f2757a21) Importer(815301076,1909f56bfc062723c751e8b465ee728b)
Start importing Assets/Prefabs/Environment/Black hole.prefab using Guid(d310cc03a0596cb40a543b65f2757a21) Importer(815301076,1909f56bfc062723c751e8b465ee728b)  -> (artifact id: '6ccca80aef003e20220a8b3d905ad2ec') in 0.020206 seconds 
  Import took 0.026009 seconds .

========================================================================
Received Import Request.
  Time since last request: 7.094193 seconds.
  path: Assets/Prefabs/Environment/Black hole.prefab
  artifactKey: Guid(d310cc03a0596cb40a543b65f2757a21) Importer(815301076,1909f56bfc062723c751e8b465ee728b)
Start importing Assets/Prefabs/Environment/Black hole.prefab using Guid(d310cc03a0596cb40a543b65f2757a21) Importer(815301076,1909f56bfc062723c751e8b465ee728b)  -> (artifact id: 'd7d803d9046fe93ac7bd877ce17a4dc8') in 0.020730 seconds 
  Import took 0.026483 seconds .

========================================================================
Received Import Request.
  Time since last request: 15.566322 seconds.
  path: Assets/Prefabs/Environment/Black hole.prefab
  artifactKey: Guid(d310cc03a0596cb40a543b65f2757a21) Importer(815301076,1909f56bfc062723c751e8b465ee728b)
Start importing Assets/Prefabs/Environment/Black hole.prefab using Guid(d310cc03a0596cb40a543b65f2757a21) Importer(815301076,1909f56bfc062723c751e8b465ee728b)  -> (artifact id: '79bcc35020917de861fab0b0e5cbd019') in 0.020838 seconds 
  Import took 0.026400 seconds .

========================================================================
Received Import Request.
  Time since last request: 9.962139 seconds.
  path: Assets/Prefabs/Environment/Black hole.prefab
  artifactKey: Guid(d310cc03a0596cb40a543b65f2757a21) Importer(815301076,1909f56bfc062723c751e8b465ee728b)
Start importing Assets/Prefabs/Environment/Black hole.prefab using Guid(d310cc03a0596cb40a543b65f2757a21) Importer(815301076,1909f56bfc062723c751e8b465ee728b)  -> (artifact id: 'a01114dfe2e93b27319114585c232983') in 0.020965 seconds 
  Import took 0.026768 seconds .

========================================================================
Received Import Request.
  Time since last request: 1.656212 seconds.
  path: Assets/Prefabs/Environment/Black hole.prefab
  artifactKey: Guid(d310cc03a0596cb40a543b65f2757a21) Importer(815301076,1909f56bfc062723c751e8b465ee728b)
Start importing Assets/Prefabs/Environment/Black hole.prefab using Guid(d310cc03a0596cb40a543b65f2757a21) Importer(815301076,1909f56bfc062723c751e8b465ee728b)  -> (artifact id: 'a7f9119c1e6b399dd0686bdc67ae48d8') in 0.020132 seconds 
  Import took 0.026298 seconds .

========================================================================
Received Import Request.
  Time since last request: 9.069435 seconds.
  path: Assets/Prefabs/Environment/Black hole.prefab
  artifactKey: Guid(d310cc03a0596cb40a543b65f2757a21) Importer(815301076,1909f56bfc062723c751e8b465ee728b)
Start importing Assets/Prefabs/Environment/Black hole.prefab using Guid(d310cc03a0596cb40a543b65f2757a21) Importer(815301076,1909f56bfc062723c751e8b465ee728b)  -> (artifact id: '1202a69f1cc10d817865c76e39fa7832') in 0.023464 seconds 
  Import took 0.029387 seconds .

========================================================================
Received Import Request.
  Time since last request: 0.005361 seconds.
  path: Assets/Prefabs/Environment/Black hole.prefab
  artifactKey: Guid(d310cc03a0596cb40a543b65f2757a21) Importer(815301076,1909f56bfc062723c751e8b465ee728b)
Start importing Assets/Prefabs/Environment/Black hole.prefab using Guid(d310cc03a0596cb40a543b65f2757a21) Importer(815301076,1909f56bfc062723c751e8b465ee728b)  -> (artifact id: '1202a69f1cc10d817865c76e39fa7832') in 0.023197 seconds 
  Import took 0.029183 seconds .

========================================================================
Received Import Request.
  Time since last request: 3.477471 seconds.
  path: Assets/Prefabs/Environment/Black hole.prefab
  artifactKey: Guid(d310cc03a0596cb40a543b65f2757a21) Importer(815301076,1909f56bfc062723c751e8b465ee728b)
Start importing Assets/Prefabs/Environment/Black hole.prefab using Guid(d310cc03a0596cb40a543b65f2757a21) Importer(815301076,1909f56bfc062723c751e8b465ee728b)  -> (artifact id: 'd75f5108c132c7ba62c90ee87f900da7') in 0.025445 seconds 
  Import took 0.031781 seconds .

========================================================================
Received Import Request.
  Time since last request: 1.212157 seconds.
  path: Assets/Prefabs/Environment/Black hole.prefab
  artifactKey: Guid(d310cc03a0596cb40a543b65f2757a21) Importer(815301076,1909f56bfc062723c751e8b465ee728b)
Start importing Assets/Prefabs/Environment/Black hole.prefab using Guid(d310cc03a0596cb40a543b65f2757a21) Importer(815301076,1909f56bfc062723c751e8b465ee728b)  -> (artifact id: '84f385dc4712e88e6d9e8f49373a0850') in 0.023098 seconds 
  Import took 0.029342 seconds .

========================================================================
Received Import Request.
  Time since last request: 0.606103 seconds.
  path: Assets/Prefabs/Environment/Black hole.prefab
  artifactKey: Guid(d310cc03a0596cb40a543b65f2757a21) Importer(815301076,1909f56bfc062723c751e8b465ee728b)
Start importing Assets/Prefabs/Environment/Black hole.prefab using Guid(d310cc03a0596cb40a543b65f2757a21) Importer(815301076,1909f56bfc062723c751e8b465ee728b)  -> (artifact id: '7946c6d42462ecb26d7fa924cdfe785c') in 0.023701 seconds 
  Import took 0.029410 seconds .

========================================================================
Received Import Request.
  Time since last request: 2.092439 seconds.
  path: Assets/Prefabs/Environment/Black hole.prefab
  artifactKey: Guid(d310cc03a0596cb40a543b65f2757a21) Importer(815301076,1909f56bfc062723c751e8b465ee728b)
Start importing Assets/Prefabs/Environment/Black hole.prefab using Guid(d310cc03a0596cb40a543b65f2757a21) Importer(815301076,1909f56bfc062723c751e8b465ee728b)  -> (artifact id: 'b128a08c795629877d4bb126e0883845') in 0.021078 seconds 
  Import took 0.026830 seconds .

========================================================================
Received Import Request.
  Time since last request: 0.568886 seconds.
  path: Assets/Prefabs/Environment/Black hole.prefab
  artifactKey: Guid(d310cc03a0596cb40a543b65f2757a21) Importer(815301076,1909f56bfc062723c751e8b465ee728b)
Start importing Assets/Prefabs/Environment/Black hole.prefab using Guid(d310cc03a0596cb40a543b65f2757a21) Importer(815301076,1909f56bfc062723c751e8b465ee728b)  -> (artifact id: '724ce31e1f9d0866f280dd904582f80d') in 0.022524 seconds 
  Import took 0.028410 seconds .

========================================================================
Received Import Request.
  Time since last request: 2.266268 seconds.
  path: Assets/Prefabs/Environment/Black hole.prefab
  artifactKey: Guid(d310cc03a0596cb40a543b65f2757a21) Importer(815301076,1909f56bfc062723c751e8b465ee728b)
Start importing Assets/Prefabs/Environment/Black hole.prefab using Guid(d310cc03a0596cb40a543b65f2757a21) Importer(815301076,1909f56bfc062723c751e8b465ee728b)  -> (artifact id: '7741588776a509b9b76e8cb919fda2d3') in 0.024090 seconds 
  Import took 0.031786 seconds .

========================================================================
Received Import Request.
  Time since last request: 1.052779 seconds.
  path: Assets/Prefabs/Environment/Black hole.prefab
  artifactKey: Guid(d310cc03a0596cb40a543b65f2757a21) Importer(815301076,1909f56bfc062723c751e8b465ee728b)
Start importing Assets/Prefabs/Environment/Black hole.prefab using Guid(d310cc03a0596cb40a543b65f2757a21) Importer(815301076,1909f56bfc062723c751e8b465ee728b)  -> (artifact id: '85776b2e4f69dbfaadb9ee94554dc005') in 0.024760 seconds 
  Import took 0.030958 seconds .

========================================================================
Received Import Request.
  Time since last request: 1.225535 seconds.
  path: Assets/Prefabs/Environment/Black hole.prefab
  artifactKey: Guid(d310cc03a0596cb40a543b65f2757a21) Importer(815301076,1909f56bfc062723c751e8b465ee728b)
Start importing Assets/Prefabs/Environment/Black hole.prefab using Guid(d310cc03a0596cb40a543b65f2757a21) Importer(815301076,1909f56bfc062723c751e8b465ee728b)  -> (artifact id: 'd345a74c25a69c0a8cb3afd72615e5e9') in 0.023840 seconds 
  Import took 0.030043 seconds .

========================================================================
Received Prepare
Registering precompiled user dll's ...
Registered in 0.005143 seconds.
Begin MonoManager ReloadAssembly
Native extension for WindowsStandalone target not found
Refreshing native plugins compatible for Editor in 0.53 ms, found 2 plugins.
Preloading 0 native plugins for Editor in 0.00 ms.
Mono: successfully reloaded assembly
- Completed reload, in  1.192 seconds
Platform modules already initialized, skipping
Shader 'Universal Render Pipeline/Particles/Lit': fallback shader 'Universal Render Pipeline/Particles/SimpleLit' not found
Shader 'Universal Render Pipeline/Particles/Lit': fallback shader 'Universal Render Pipeline/Particles/SimpleLit' not found
Refreshing native plugins compatible for Editor in 0.71 ms, found 2 plugins.
Preloading 0 native plugins for Editor in 0.00 ms.
Unloading 3180 Unused Serialized files (Serialized files now loaded: 0)
System memory in use before: 143.6 MB.
System memory in use after: 141.2 MB.

Unloading 43 unused Assets to reduce memory usage. Loaded Objects now: 3976.
Total: 4.064900 ms (FindLiveObjects: 0.326300 ms CreateObjectMapping: 0.166500 ms MarkObjects: 2.247800 ms  DeleteObjects: 1.322900 ms)

AssetImportParameters requested are different than current active one (requested -> active):
  custom:framework-win-MediaFoundation: 216162199b28c13a410421893ffa2e32 -> 
  custom:video-decoder-ogg-theora: a1e56fd34408186e4bbccfd4996cb3dc -> 
  custom:container-muxer-webm: aa71ff27fc2769a1b78a27578f13a17b -> 
  custom:container-demuxer-webm: 4f35f7cbe854078d1ac9338744f61a02 -> 
  custom:container-demuxer-ogg: 62fdf1f143b41e24485cea50d1cbac27 -> 
  custom:video-encoder-webm-vp8: eb34c28f22e8b96e1ab97ce403110664 -> 
  custom:video-decoder-webm-vp8: 9c59270c3fd7afecdb556c50c9e8de78 -> 
  custom:audio-decoder-ogg-vorbis: bf7c407c2cedff20999df2af8eb42d56 -> 
  custom:audio-encoder-webm-vorbis: bf7c407c2cedff20999df2af8eb42d56 -> 
========================================================================
Received Import Request.
  Time since last request: 31.308940 seconds.
  path: Assets/Prefabs/Environment/Black hole.prefab
  artifactKey: Guid(d310cc03a0596cb40a543b65f2757a21) Importer(815301076,1909f56bfc062723c751e8b465ee728b)
Start importing Assets/Prefabs/Environment/Black hole.prefab using Guid(d310cc03a0596cb40a543b65f2757a21) Importer(815301076,1909f56bfc062723c751e8b465ee728b)  -> (artifact id: '157e84fe0739ea0f9d908ca90eb92e91') in 0.185047 seconds 
  Import took 0.191278 seconds .

========================================================================
Received Import Request.
  Time since last request: 1.219096 seconds.
  path: Assets/Prefabs/Environment/Black hole.prefab
  artifactKey: Guid(d310cc03a0596cb40a543b65f2757a21) Importer(815301076,1909f56bfc062723c751e8b465ee728b)
Start importing Assets/Prefabs/Environment/Black hole.prefab using Guid(d310cc03a0596cb40a543b65f2757a21) Importer(815301076,1909f56bfc062723c751e8b465ee728b)  -> (artifact id: 'd9fe9a34405ffa1733e9d3096f177b71') in 0.020349 seconds 
  Import took 0.025907 seconds .

========================================================================
Received Import Request.
  Time since last request: 4.526433 seconds.
  path: Assets/Prefabs/Environment/Black hole.prefab
  artifactKey: Guid(d310cc03a0596cb40a543b65f2757a21) Importer(815301076,1909f56bfc062723c751e8b465ee728b)
Start importing Assets/Prefabs/Environment/Black hole.prefab using Guid(d310cc03a0596cb40a543b65f2757a21) Importer(815301076,1909f56bfc062723c751e8b465ee728b)  -> (artifact id: 'c99cd9eaf81b1e35221408ca5a6f434f') in 0.023877 seconds 
  Import took 0.029510 seconds .

========================================================================
Received Import Request.
  Time since last request: 22.991424 seconds.
  path: Assets/Prefabs/Environment/Black hole.prefab
  artifactKey: Guid(d310cc03a0596cb40a543b65f2757a21) Importer(815301076,1909f56bfc062723c751e8b465ee728b)
Start importing Assets/Prefabs/Environment/Black hole.prefab using Guid(d310cc03a0596cb40a543b65f2757a21) Importer(815301076,1909f56bfc062723c751e8b465ee728b)  -> (artifact id: 'f0833dd8404271f702f778cd1ecf456d') in 0.022456 seconds 
  Import took 0.028346 seconds .

========================================================================
Received Import Request.
  Time since last request: 7.226994 seconds.
  path: Assets/Prefabs/Environment/Black hole.prefab
  artifactKey: Guid(d310cc03a0596cb40a543b65f2757a21) Importer(815301076,1909f56bfc062723c751e8b465ee728b)
Start importing Assets/Prefabs/Environment/Black hole.prefab using Guid(d310cc03a0596cb40a543b65f2757a21) Importer(815301076,1909f56bfc062723c751e8b465ee728b)  -> (artifact id: 'bbb8fc075f940ce1dbe0440f2e4cd622') in 0.022857 seconds 
  Import took 0.028648 seconds .

========================================================================
Received Import Request.
  Time since last request: 1.595601 seconds.
  path: Assets/Prefabs/Environment/Black hole.prefab
  artifactKey: Guid(d310cc03a0596cb40a543b65f2757a21) Importer(815301076,1909f56bfc062723c751e8b465ee728b)
Start importing Assets/Prefabs/Environment/Black hole.prefab using Guid(d310cc03a0596cb40a543b65f2757a21) Importer(815301076,1909f56bfc062723c751e8b465ee728b)  -> (artifact id: '13295e77736bcaa7c4dfb064b7989e4e') in 0.021286 seconds 
  Import took 0.026981 seconds .

========================================================================
Received Import Request.
  Time since last request: 1.624357 seconds.
  path: Assets/Prefabs/Environment/Black hole.prefab
  artifactKey: Guid(d310cc03a0596cb40a543b65f2757a21) Importer(815301076,1909f56bfc062723c751e8b465ee728b)
Start importing Assets/Prefabs/Environment/Black hole.prefab using Guid(d310cc03a0596cb40a543b65f2757a21) Importer(815301076,1909f56bfc062723c751e8b465ee728b)  -> (artifact id: '793fcf0a9150ecfa28ea6189e5cf90a9') in 0.022280 seconds 
  Import took 0.028073 seconds .

========================================================================
Received Prepare
Registering precompiled user dll's ...
Registered in 0.005426 seconds.
Begin MonoManager ReloadAssembly
Native extension for WindowsStandalone target not found
Refreshing native plugins compatible for Editor in 0.55 ms, found 2 plugins.
Preloading 0 native plugins for Editor in 0.00 ms.
Mono: successfully reloaded assembly
- Completed reload, in  1.238 seconds
Platform modules already initialized, skipping
Shader 'Universal Render Pipeline/Particles/Lit': fallback shader 'Universal Render Pipeline/Particles/SimpleLit' not found
Shader 'Universal Render Pipeline/Particles/Lit': fallback shader 'Universal Render Pipeline/Particles/SimpleLit' not found
Refreshing native plugins compatible for Editor in 0.61 ms, found 2 plugins.
Preloading 0 native plugins for Editor in 0.00 ms.
Unloading 3180 Unused Serialized files (Serialized files now loaded: 0)
System memory in use before: 143.7 MB.
System memory in use after: 141.3 MB.

Unloading 43 unused Assets to reduce memory usage. Loaded Objects now: 4015.
Total: 4.899200 ms (FindLiveObjects: 0.345800 ms CreateObjectMapping: 0.214100 ms MarkObjects: 2.668200 ms  DeleteObjects: 1.669800 ms)

AssetImportParameters requested are different than current active one (requested -> active):
  custom:framework-win-MediaFoundation: 216162199b28c13a410421893ffa2e32 -> 
  custom:video-decoder-ogg-theora: a1e56fd34408186e4bbccfd4996cb3dc -> 
  custom:container-muxer-webm: aa71ff27fc2769a1b78a27578f13a17b -> 
  custom:container-demuxer-webm: 4f35f7cbe854078d1ac9338744f61a02 -> 
  custom:container-demuxer-ogg: 62fdf1f143b41e24485cea50d1cbac27 -> 
  custom:video-encoder-webm-vp8: eb34c28f22e8b96e1ab97ce403110664 -> 
  custom:video-decoder-webm-vp8: 9c59270c3fd7afecdb556c50c9e8de78 -> 
  custom:audio-decoder-ogg-vorbis: bf7c407c2cedff20999df2af8eb42d56 -> 
  custom:audio-encoder-webm-vorbis: bf7c407c2cedff20999df2af8eb42d56 -> 
========================================================================
Received Import Request.
  Time since last request: 99.002628 seconds.
  path: Assets/Animations/DeathAnimation.anim
  artifactKey: Guid(7801abf5b50ae4a458e1b4b7a38ed1cc) Importer(815301076,1909f56bfc062723c751e8b465ee728b)
Start importing Assets/Animations/DeathAnimation.anim using Guid(7801abf5b50ae4a458e1b4b7a38ed1cc) Importer(815301076,1909f56bfc062723c751e8b465ee728b)  -> (artifact id: 'cec956c156b7ec55a7fcb203eb972b48') in 0.025337 seconds 
  Import took 0.030333 seconds .

========================================================================
Received Import Request.
  Time since last request: 351.585434 seconds.
  path: Assets/Animations/DeathAnimation.anim
  artifactKey: Guid(7801abf5b50ae4a458e1b4b7a38ed1cc) Importer(815301076,1909f56bfc062723c751e8b465ee728b)
Start importing Assets/Animations/DeathAnimation.anim using Guid(7801abf5b50ae4a458e1b4b7a38ed1cc) Importer(815301076,1909f56bfc062723c751e8b465ee728b)  -> (artifact id: 'c2a5a661b8fcc748b79be50c0c647cdf') in 0.011844 seconds 
  Import took 0.020573 seconds .

========================================================================
Received Import Request.
  Time since last request: 203.738188 seconds.
  path: Assets/Animations/DeathAnimation.anim
  artifactKey: Guid(7801abf5b50ae4a458e1b4b7a38ed1cc) Importer(815301076,1909f56bfc062723c751e8b465ee728b)
Start importing Assets/Animations/DeathAnimation.anim using Guid(7801abf5b50ae4a458e1b4b7a38ed1cc) Importer(815301076,1909f56bfc062723c751e8b465ee728b)  -> (artifact id: '509c7f4fe05e6d4ba63e4d2888153a98') in 0.004828 seconds 
  Import took 0.009872 seconds .

========================================================================
Received Import Request.
  Time since last request: 177.244267 seconds.
  path: Assets/Animations/DeathAnimation.anim
  artifactKey: Guid(7801abf5b50ae4a458e1b4b7a38ed1cc) Importer(815301076,1909f56bfc062723c751e8b465ee728b)
Start importing Assets/Animations/DeathAnimation.anim using Guid(7801abf5b50ae4a458e1b4b7a38ed1cc) Importer(815301076,1909f56bfc062723c751e8b465ee728b)  -> (artifact id: 'f21d87d39bf379a9a9ad93e2ff794f55') in 0.005884 seconds 
  Import took 0.011365 seconds .

